<?xml version="1.0" encoding="UTF-8"?>
<testsuite name="com.fake_orgasm.generator.user_generator.name_generation.SecondLastNameTest" tests="2" skipped="0" failures="0" errors="0" timestamp="2023-09-07T13:59:33" hostname="fundalap-nh81" time="0.026">
  <properties/>
  <testcase name="secondLastNamePop()" classname="com.fake_orgasm.generator.user_generator.name_generation.SecondLastNameTest" time="0.025"/>
  <testcase name="patternValidity()" classname="com.fake_orgasm.generator.user_generator.name_generation.SecondLastNameTest" time="0.001"/>
  <system-out><![CDATA[]]></system-out>
  <system-err><![CDATA[]]></system-err>
</testsuite>
