<?xml version="1.0" encoding="UTF-8"?>
<testsuite name="com.fake_orgasm.generator.user_generator.name_generation.FirstLastNameTest" tests="3" skipped="0" failures="0" errors="0" timestamp="2023-09-07T13:59:28" hostname="fundalap-nh81" time="2.637">
  <properties/>
  <testcase name="checkRepetitionValidity()" classname="com.fake_orgasm.generator.user_generator.name_generation.FirstLastNameTest" time="0.065"/>
  <testcase name="firstLastNamePop()" classname="com.fake_orgasm.generator.user_generator.name_generation.FirstLastNameTest" time="2.524"/>
  <testcase name="patternValidity()" classname="com.fake_orgasm.generator.user_generator.name_generation.FirstLastNameTest" time="0.046"/>
  <system-out><![CDATA[]]></system-out>
  <system-err><![CDATA[]]></system-err>
</testsuite>
