<?xml version="1.0" encoding="UTF-8"?>
<testsuite name="com.fake_orgasm.btree.PerformanceBTreeTest" tests="1" skipped="0" failures="0" errors="0" timestamp="2023-09-07T13:59:25" hostname="fundalap-nh81" time="1.944">
  <properties/>
  <testcase name="performanceTest()" classname="com.fake_orgasm.btree.PerformanceBTreeTest" time="1.944"/>
  <system-out><![CDATA[insertion execution
Insert Time : 1.195secs
Delete Time : 0.726secs
50 999999 ]]></system-out>
  <system-err><![CDATA[]]></system-err>
</testsuite>
