<?xml version="1.0" encoding="UTF-8"?>
<testsuite name="com.fake_orgasm.generator.BackboneGeneratorTest" tests="1" skipped="0" failures="0" errors="0" timestamp="2023-09-07T13:59:27" hostname="fundalap-nh81" time="0.211">
  <properties/>
  <testcase name="generateUsersBackboneTest()" classname="com.fake_orgasm.generator.BackboneGeneratorTest" time="0.211"/>
  <system-out><![CDATA[Generated user: com.fake_orgasm.users_management.models.User@5ef2a7f4
Generated user: com.fake_orgasm.users_management.models.User@798ad959
Generated user: com.fake_orgasm.users_management.models.User@5357b4e7
Generated user: com.fake_orgasm.users_management.models.User@7a51ef55
Generated user: com.fake_orgasm.users_management.models.User@645d672c
Generated user: com.fake_orgasm.users_management.models.User@6ff25759
Generated user: com.fake_orgasm.users_management.models.User@3b56fa00
Generated user: com.fake_orgasm.users_management.models.User@3591031a
Generated user: com.fake_orgasm.users_management.models.User@31ae9170
Generated user: com.fake_orgasm.users_management.models.User@74ac0921
Generated user: com.fake_orgasm.users_management.models.User@78a66b4e
Generated user: com.fake_orgasm.users_management.models.User@774d3818
Generated user: com.fake_orgasm.users_management.models.User@7372b229
Generated user: com.fake_orgasm.users_management.models.User@36703223
Generated user: com.fake_orgasm.users_management.models.User@199f65a5
Generated user: com.fake_orgasm.users_management.models.User@70c0376
Generated user: com.fake_orgasm.users_management.models.User@61090a44
Generated user: com.fake_orgasm.users_management.models.User@74960e6f
Generated user: com.fake_orgasm.users_management.models.User@6a9a85d7
Generated user: com.fake_orgasm.users_management.models.User@6ea50c5c
Generated user: com.fake_orgasm.users_management.models.User@2ba78fec
Generated user: com.fake_orgasm.users_management.models.User@565fcd6c
Generated user: com.fake_orgasm.users_management.models.User@6135b4d7
Generated user: com.fake_orgasm.users_management.models.User@650a3c29
Generated user: com.fake_orgasm.users_management.models.User@2008beec
Generated user: com.fake_orgasm.users_management.models.User@5035525a
Generated user: com.fake_orgasm.users_management.models.User@5d3d6d2b
Generated user: com.fake_orgasm.users_management.models.User@1162f957
Generated user: com.fake_orgasm.users_management.models.User@25bd7426
Generated user: com.fake_orgasm.users_management.models.User@402741a3
Generated user: com.fake_orgasm.users_management.models.User@76c538b9
Generated user: com.fake_orgasm.users_management.models.User@70ebdf77
Generated user: com.fake_orgasm.users_management.models.User@3eb99908
Generated user: com.fake_orgasm.users_management.models.User@4469fd25
Generated user: com.fake_orgasm.users_management.models.User@1b3605e1
Generated user: com.fake_orgasm.users_management.models.User@35887197
Generated user: com.fake_orgasm.users_management.models.User@478bcff7
Generated user: com.fake_orgasm.users_management.models.User@4c0082f6
Generated user: com.fake_orgasm.users_management.models.User@67b28f9a
Generated user: com.fake_orgasm.users_management.models.User@11404e32
Generated user: com.fake_orgasm.users_management.models.User@82ddf9a
Generated user: com.fake_orgasm.users_management.models.User@40f2fb5b
Generated user: com.fake_orgasm.users_management.models.User@33cf7280
Generated user: com.fake_orgasm.users_management.models.User@206d9b15
Generated user: com.fake_orgasm.users_management.models.User@46da518d
Generated user: com.fake_orgasm.users_management.models.User@11a5422e
Generated user: com.fake_orgasm.users_management.models.User@59b679e8
Generated user: com.fake_orgasm.users_management.models.User@15cfe4f8
Generated user: com.fake_orgasm.users_management.models.User@5d9050fd
Generated user: com.fake_orgasm.users_management.models.User@348f284f
Generated user: com.fake_orgasm.users_management.models.User@24cce9b3
Generated user: com.fake_orgasm.users_management.models.User@1ac664c0
Generated user: com.fake_orgasm.users_management.models.User@5c475c28
Generated user: com.fake_orgasm.users_management.models.User@4b8870a3
Generated user: com.fake_orgasm.users_management.models.User@84a9910
Generated user: com.fake_orgasm.users_management.models.User@21030cbd
Generated user: com.fake_orgasm.users_management.models.User@4743b2a9
Generated user: com.fake_orgasm.users_management.models.User@4fc6cf8a
Generated user: com.fake_orgasm.users_management.models.User@13985d7b
Generated user: com.fake_orgasm.users_management.models.User@2ac7cd51
Generated user: com.fake_orgasm.users_management.models.User@70cbf45a
Generated user: com.fake_orgasm.users_management.models.User@908df56
Generated user: com.fake_orgasm.users_management.models.User@582a2889
Generated user: com.fake_orgasm.users_management.models.User@4c13cb98
Generated user: com.fake_orgasm.users_management.models.User@63559f64
Generated user: com.fake_orgasm.users_management.models.User@2ce81e37
Generated user: com.fake_orgasm.users_management.models.User@258f0543
Generated user: com.fake_orgasm.users_management.models.User@77925561
Generated user: com.fake_orgasm.users_management.models.User@38735a48
Generated user: com.fake_orgasm.users_management.models.User@5486f2d7
Generated user: com.fake_orgasm.users_management.models.User@9fe4019
Generated user: com.fake_orgasm.users_management.models.User@70a98425
Generated user: com.fake_orgasm.users_management.models.User@35ab0454
Generated user: com.fake_orgasm.users_management.models.User@40f56ef3
Generated user: com.fake_orgasm.users_management.models.User@45123e93
Generated user: com.fake_orgasm.users_management.models.User@f20250
Generated user: com.fake_orgasm.users_management.models.User@1483f66e
Generated user: com.fake_orgasm.users_management.models.User@5f3413ab
Generated user: com.fake_orgasm.users_management.models.User@b065878
Generated user: com.fake_orgasm.users_management.models.User@1bf62bca
Generated user: com.fake_orgasm.users_management.models.User@10cd8e5c
Generated user: com.fake_orgasm.users_management.models.User@6f9b7ea5
Generated user: com.fake_orgasm.users_management.models.User@56e72eb6
Generated user: com.fake_orgasm.users_management.models.User@7c65e7db
Generated user: com.fake_orgasm.users_management.models.User@262965
Generated user: com.fake_orgasm.users_management.models.User@34fc1192
Generated user: com.fake_orgasm.users_management.models.User@5b810b25
Generated user: com.fake_orgasm.users_management.models.User@80964b1
Generated user: com.fake_orgasm.users_management.models.User@395519d4
Generated user: com.fake_orgasm.users_management.models.User@6d71ffed
Generated user: com.fake_orgasm.users_management.models.User@3efa1945
Generated user: com.fake_orgasm.users_management.models.User@7d15cec7
Generated user: com.fake_orgasm.users_management.models.User@6c9fe308
Generated user: com.fake_orgasm.users_management.models.User@e73f7e1
Generated user: com.fake_orgasm.users_management.models.User@602df75b
Generated user: com.fake_orgasm.users_management.models.User@339d6e6f
Generated user: com.fake_orgasm.users_management.models.User@20895cb7
Generated user: com.fake_orgasm.users_management.models.User@27f0b7a4
Generated user: com.fake_orgasm.users_management.models.User@31d46bb8
Generated user: com.fake_orgasm.users_management.models.User@4d4f5f4
Generated user: com.fake_orgasm.users_management.models.User@3860c1e7
Generated user: com.fake_orgasm.users_management.models.User@5584fb1b
Generated user: com.fake_orgasm.users_management.models.User@3eed95ae
Generated user: com.fake_orgasm.users_management.models.User@1db5bcd2
Generated user: com.fake_orgasm.users_management.models.User@6ca2351a
Generated user: com.fake_orgasm.users_management.models.User@4e2193dc
Generated user: com.fake_orgasm.users_management.models.User@59afdf97
Generated user: com.fake_orgasm.users_management.models.User@537f9a1b
Generated user: com.fake_orgasm.users_management.models.User@18d89f5
Generated user: com.fake_orgasm.users_management.models.User@540acc84
Generated user: com.fake_orgasm.users_management.models.User@3a820fd8
Generated user: com.fake_orgasm.users_management.models.User@50915859
Generated user: com.fake_orgasm.users_management.models.User@7a0de11a
Generated user: com.fake_orgasm.users_management.models.User@1cad5ac6
Generated user: com.fake_orgasm.users_management.models.User@72332538
Generated user: com.fake_orgasm.users_management.models.User@2dfb843b
Generated user: com.fake_orgasm.users_management.models.User@a8fa574
Generated user: com.fake_orgasm.users_management.models.User@7c82a589
Generated user: com.fake_orgasm.users_management.models.User@2d52d085
Generated user: com.fake_orgasm.users_management.models.User@56d7b3be
Generated user: com.fake_orgasm.users_management.models.User@2b20469b
Generated user: com.fake_orgasm.users_management.models.User@695d8f50
Generated user: com.fake_orgasm.users_management.models.User@2364297a
Generated user: com.fake_orgasm.users_management.models.User@3e4cc5f6
Generated user: com.fake_orgasm.users_management.models.User@29374d2a
Generated user: com.fake_orgasm.users_management.models.User@66fa2a46
Generated user: com.fake_orgasm.users_management.models.User@51ca422e
Generated user: com.fake_orgasm.users_management.models.User@52b0bc06
Generated user: com.fake_orgasm.users_management.models.User@177345c4
Generated user: com.fake_orgasm.users_management.models.User@5211779a
Generated user: com.fake_orgasm.users_management.models.User@3a138e97
Generated user: com.fake_orgasm.users_management.models.User@11085861
Generated user: com.fake_orgasm.users_management.models.User@57bc7a01
Generated user: com.fake_orgasm.users_management.models.User@1f11e0c7
Generated user: com.fake_orgasm.users_management.models.User@66d8c14d
Generated user: com.fake_orgasm.users_management.models.User@3991afad
Generated user: com.fake_orgasm.users_management.models.User@3d8ed5c
Generated user: com.fake_orgasm.users_management.models.User@cfcbeca
Generated user: com.fake_orgasm.users_management.models.User@2d08dcd4
Generated user: com.fake_orgasm.users_management.models.User@680a4711
Generated user: com.fake_orgasm.users_management.models.User@4ae58023
Generated user: com.fake_orgasm.users_management.models.User@59a8ca48
Generated user: com.fake_orgasm.users_management.models.User@32ad53d5
Generated user: com.fake_orgasm.users_management.models.User@825b85e
Generated user: com.fake_orgasm.users_management.models.User@6ea7c5e1
Generated user: com.fake_orgasm.users_management.models.User@1e678d46
Generated user: com.fake_orgasm.users_management.models.User@333b92d9
Generated user: com.fake_orgasm.users_management.models.User@3196523d
Generated user: com.fake_orgasm.users_management.models.User@324ebd13
Generated user: com.fake_orgasm.users_management.models.User@7638040b
Generated user: com.fake_orgasm.users_management.models.User@19faed4f
Generated user: com.fake_orgasm.users_management.models.User@10ac329a
Generated user: com.fake_orgasm.users_management.models.User@158e08d0
Generated user: com.fake_orgasm.users_management.models.User@118b6ce7
Generated user: com.fake_orgasm.users_management.models.User@30111e7c
Generated user: com.fake_orgasm.users_management.models.User@25012c55
Generated user: com.fake_orgasm.users_management.models.User@7dea53e1
Generated user: com.fake_orgasm.users_management.models.User@5a0e80b3
Generated user: com.fake_orgasm.users_management.models.User@20d3ae2a
Generated user: com.fake_orgasm.users_management.models.User@223f2858
Generated user: com.fake_orgasm.users_management.models.User@27e39f95
Generated user: com.fake_orgasm.users_management.models.User@1a2cac8
Generated user: com.fake_orgasm.users_management.models.User@35fad48f
Generated user: com.fake_orgasm.users_management.models.User@78cc3db2
Generated user: com.fake_orgasm.users_management.models.User@7c7522c8
Generated user: com.fake_orgasm.users_management.models.User@6c72f259
Generated user: com.fake_orgasm.users_management.models.User@5428f355
Generated user: com.fake_orgasm.users_management.models.User@4289c6eb
Generated user: com.fake_orgasm.users_management.models.User@7651f5d0
Generated user: com.fake_orgasm.users_management.models.User@1a7e43f7
Generated user: com.fake_orgasm.users_management.models.User@5d9fc38e
Generated user: com.fake_orgasm.users_management.models.User@6bb18c6a
Generated user: com.fake_orgasm.users_management.models.User@256f84c6
Generated user: com.fake_orgasm.users_management.models.User@4de61a67
Generated user: com.fake_orgasm.users_management.models.User@6ec633e6
Generated user: com.fake_orgasm.users_management.models.User@9f33088
Generated user: com.fake_orgasm.users_management.models.User@46dc8809
Generated user: com.fake_orgasm.users_management.models.User@7142b8f7
Generated user: com.fake_orgasm.users_management.models.User@7143328e
Generated user: com.fake_orgasm.users_management.models.User@50e3dcc4
Generated user: com.fake_orgasm.users_management.models.User@7983162
Generated user: com.fake_orgasm.users_management.models.User@78671e01
Generated user: com.fake_orgasm.users_management.models.User@751c0a0a
Generated user: com.fake_orgasm.users_management.models.User@1aa0fc8a
Generated user: com.fake_orgasm.users_management.models.User@7127a72e
Generated user: com.fake_orgasm.users_management.models.User@2184d77c
Generated user: com.fake_orgasm.users_management.models.User@556e6f4d
Generated user: com.fake_orgasm.users_management.models.User@2d5110a7
Generated user: com.fake_orgasm.users_management.models.User@62b571c9
Generated user: com.fake_orgasm.users_management.models.User@2d2bd19d
Generated user: com.fake_orgasm.users_management.models.User@1820d882
Generated user: com.fake_orgasm.users_management.models.User@29a97ef1
Generated user: com.fake_orgasm.users_management.models.User@3a8f6b7d
Generated user: com.fake_orgasm.users_management.models.User@18b120e5
Generated user: com.fake_orgasm.users_management.models.User@722d8edd
Generated user: com.fake_orgasm.users_management.models.User@624a8760
Generated user: com.fake_orgasm.users_management.models.User@2c817211
Generated user: com.fake_orgasm.users_management.models.User@5f55f925
Generated user: com.fake_orgasm.users_management.models.User@4110df74
Generated user: com.fake_orgasm.users_management.models.User@775731b1
Generated user: com.fake_orgasm.users_management.models.User@50e1c4b0
Generated user: com.fake_orgasm.users_management.models.User@6e874dea
Generated user: com.fake_orgasm.users_management.models.User@56cacf6e
Generated user: com.fake_orgasm.users_management.models.User@1f48dd53
Generated user: com.fake_orgasm.users_management.models.User@3667ad0e
Generated user: com.fake_orgasm.users_management.models.User@5f02baa1
Generated user: com.fake_orgasm.users_management.models.User@621ded95
Generated user: com.fake_orgasm.users_management.models.User@55da59e1
Generated user: com.fake_orgasm.users_management.models.User@67042a5
Generated user: com.fake_orgasm.users_management.models.User@456b2cb9
Generated user: com.fake_orgasm.users_management.models.User@1701ca9f
Generated user: com.fake_orgasm.users_management.models.User@200d8358
Generated user: com.fake_orgasm.users_management.models.User@700eb63f
Generated user: com.fake_orgasm.users_management.models.User@c6bc4d2
Generated user: com.fake_orgasm.users_management.models.User@6ef49474
Generated user: com.fake_orgasm.users_management.models.User@67a11352
Generated user: com.fake_orgasm.users_management.models.User@51d4fa3c
Generated user: com.fake_orgasm.users_management.models.User@5bca503
Generated user: com.fake_orgasm.users_management.models.User@1329443b
Generated user: com.fake_orgasm.users_management.models.User@4883ab7c
Generated user: com.fake_orgasm.users_management.models.User@393b6466
Generated user: com.fake_orgasm.users_management.models.User@4fbbba27
Generated user: com.fake_orgasm.users_management.models.User@351b4514
Generated user: com.fake_orgasm.users_management.models.User@20cd593b
Generated user: com.fake_orgasm.users_management.models.User@18a6e2f6
Generated user: com.fake_orgasm.users_management.models.User@29357cae
Generated user: com.fake_orgasm.users_management.models.User@2fe1ce54
Generated user: com.fake_orgasm.users_management.models.User@3ec66545
Generated user: com.fake_orgasm.users_management.models.User@5cb39073
Generated user: com.fake_orgasm.users_management.models.User@3b7c93ec
Generated user: com.fake_orgasm.users_management.models.User@77aff97c
Generated user: com.fake_orgasm.users_management.models.User@3bf4a392
Generated user: com.fake_orgasm.users_management.models.User@54a01c3d
Generated user: com.fake_orgasm.users_management.models.User@56f2ca0b
Generated user: com.fake_orgasm.users_management.models.User@5e9eadb0
Generated user: com.fake_orgasm.users_management.models.User@4c1a0415
Generated user: com.fake_orgasm.users_management.models.User@207c43f3
Generated user: com.fake_orgasm.users_management.models.User@6c60b4a1
Generated user: com.fake_orgasm.users_management.models.User@44bf7103
Generated user: com.fake_orgasm.users_management.models.User@7569bab8
Generated user: com.fake_orgasm.users_management.models.User@43ad2d24
Generated user: com.fake_orgasm.users_management.models.User@6801b6e2
Generated user: com.fake_orgasm.users_management.models.User@3c6ebda1
Generated user: com.fake_orgasm.users_management.models.User@5c1a8392
Generated user: com.fake_orgasm.users_management.models.User@16d40dab
Generated user: com.fake_orgasm.users_management.models.User@54f5a759
Generated user: com.fake_orgasm.users_management.models.User@55567a3b
Generated user: com.fake_orgasm.users_management.models.User@40e86dc2
Generated user: com.fake_orgasm.users_management.models.User@14fdd016
Generated user: com.fake_orgasm.users_management.models.User@71e1f7c3
Generated user: com.fake_orgasm.users_management.models.User@38520e12
Generated user: com.fake_orgasm.users_management.models.User@50d314c5
Generated user: com.fake_orgasm.users_management.models.User@541fe210
Generated user: com.fake_orgasm.users_management.models.User@23257fb7
Generated user: com.fake_orgasm.users_management.models.User@1dbf8bd3
Generated user: com.fake_orgasm.users_management.models.User@31d02f45
Generated user: com.fake_orgasm.users_management.models.User@16a0a666
Generated user: com.fake_orgasm.users_management.models.User@3ff4c106
Generated user: com.fake_orgasm.users_management.models.User@4d84c17
Generated user: com.fake_orgasm.users_management.models.User@5e8cef8e
Generated user: com.fake_orgasm.users_management.models.User@15319de5
Generated user: com.fake_orgasm.users_management.models.User@c3b8877
Generated user: com.fake_orgasm.users_management.models.User@7fc7360e
Generated user: com.fake_orgasm.users_management.models.User@7c42c249
Generated user: com.fake_orgasm.users_management.models.User@5d32bfd7
Generated user: com.fake_orgasm.users_management.models.User@5aeeb11f
Generated user: com.fake_orgasm.users_management.models.User@20ea46e
Generated user: com.fake_orgasm.users_management.models.User@6c5d0b7
Generated user: com.fake_orgasm.users_management.models.User@2d61ad1d
Generated user: com.fake_orgasm.users_management.models.User@101d1f49
Generated user: com.fake_orgasm.users_management.models.User@23be63bd
Generated user: com.fake_orgasm.users_management.models.User@37208d42
Generated user: com.fake_orgasm.users_management.models.User@3bd012e6
Generated user: com.fake_orgasm.users_management.models.User@3288e228
Generated user: com.fake_orgasm.users_management.models.User@11bedcb5
Generated user: com.fake_orgasm.users_management.models.User@23ecb72
Generated user: com.fake_orgasm.users_management.models.User@444097d6
Generated user: com.fake_orgasm.users_management.models.User@52f38be2
Generated user: com.fake_orgasm.users_management.models.User@5a08d7fc
Generated user: com.fake_orgasm.users_management.models.User@3b083e7d
Generated user: com.fake_orgasm.users_management.models.User@76fc38d3
Generated user: com.fake_orgasm.users_management.models.User@6b5099f9
Generated user: com.fake_orgasm.users_management.models.User@16a4e50
Generated user: com.fake_orgasm.users_management.models.User@298266a2
Generated user: com.fake_orgasm.users_management.models.User@9ab3fca
Generated user: com.fake_orgasm.users_management.models.User@66dbe057
Generated user: com.fake_orgasm.users_management.models.User@35903a12
Generated user: com.fake_orgasm.users_management.models.User@f9dfd74
Generated user: com.fake_orgasm.users_management.models.User@5f18d622
Generated user: com.fake_orgasm.users_management.models.User@66785cce
Generated user: com.fake_orgasm.users_management.models.User@528caab9
Generated user: com.fake_orgasm.users_management.models.User@329a8bc1
Generated user: com.fake_orgasm.users_management.models.User@2baae276
Generated user: com.fake_orgasm.users_management.models.User@f1045e1
Generated user: com.fake_orgasm.users_management.models.User@7caf0403
Generated user: com.fake_orgasm.users_management.models.User@871a3c4
Generated user: com.fake_orgasm.users_management.models.User@48018ab1
Generated user: com.fake_orgasm.users_management.models.User@600b2f3d
Generated user: com.fake_orgasm.users_management.models.User@4f421c6a
Generated user: com.fake_orgasm.users_management.models.User@4a28e9c5
Generated user: com.fake_orgasm.users_management.models.User@eb8a633
Generated user: com.fake_orgasm.users_management.models.User@3412426f
Generated user: com.fake_orgasm.users_management.models.User@38feefd8
Generated user: com.fake_orgasm.users_management.models.User@7eac297c
Generated user: com.fake_orgasm.users_management.models.User@22cf524c
Generated user: com.fake_orgasm.users_management.models.User@723c7e23
Generated user: com.fake_orgasm.users_management.models.User@6e17f0af
Generated user: com.fake_orgasm.users_management.models.User@62693cfe
Generated user: com.fake_orgasm.users_management.models.User@7fbcfa9a
Generated user: com.fake_orgasm.users_management.models.User@1880caac
Generated user: com.fake_orgasm.users_management.models.User@6c91e795
Generated user: com.fake_orgasm.users_management.models.User@2c2f23f6
Generated user: com.fake_orgasm.users_management.models.User@345f74c3
Generated user: com.fake_orgasm.users_management.models.User@2a141d4e
Generated user: com.fake_orgasm.users_management.models.User@49dafad6
Generated user: com.fake_orgasm.users_management.models.User@1c3f5088
Generated user: com.fake_orgasm.users_management.models.User@5389d6a0
Generated user: com.fake_orgasm.users_management.models.User@59fd5ff2
Generated user: com.fake_orgasm.users_management.models.User@476f1251
Generated user: com.fake_orgasm.users_management.models.User@21b2a124
Generated user: com.fake_orgasm.users_management.models.User@3c135f64
Generated user: com.fake_orgasm.users_management.models.User@fa295db
Generated user: com.fake_orgasm.users_management.models.User@30e0e3e4
Generated user: com.fake_orgasm.users_management.models.User@46fdf5d
Generated user: com.fake_orgasm.users_management.models.User@222148cb
Generated user: com.fake_orgasm.users_management.models.User@39b61d19
Generated user: com.fake_orgasm.users_management.models.User@e7e2608
Generated user: com.fake_orgasm.users_management.models.User@749185ad
Generated user: com.fake_orgasm.users_management.models.User@50f2b84b
Generated user: com.fake_orgasm.users_management.models.User@5c5efce4
Generated user: com.fake_orgasm.users_management.models.User@5b204fa2
Generated user: com.fake_orgasm.users_management.models.User@1496c0c6
Generated user: com.fake_orgasm.users_management.models.User@2e047eee
Generated user: com.fake_orgasm.users_management.models.User@561bcb30
Generated user: com.fake_orgasm.users_management.models.User@41b64b80
Generated user: com.fake_orgasm.users_management.models.User@5ece6d03
Generated user: com.fake_orgasm.users_management.models.User@5edcbf85
Generated user: com.fake_orgasm.users_management.models.User@22995f7a
Generated user: com.fake_orgasm.users_management.models.User@2fab3985
Generated user: com.fake_orgasm.users_management.models.User@7c169f3d
Generated user: com.fake_orgasm.users_management.models.User@bcc6905
Generated user: com.fake_orgasm.users_management.models.User@3773121e
Generated user: com.fake_orgasm.users_management.models.User@f47eb63
Generated user: com.fake_orgasm.users_management.models.User@60648387
Generated user: com.fake_orgasm.users_management.models.User@53308b3a
Generated user: com.fake_orgasm.users_management.models.User@4c93bd2a
Generated user: com.fake_orgasm.users_management.models.User@68d99319
Generated user: com.fake_orgasm.users_management.models.User@55896ca3
Generated user: com.fake_orgasm.users_management.models.User@68f66497
Generated user: com.fake_orgasm.users_management.models.User@2a384e7c
Generated user: com.fake_orgasm.users_management.models.User@263bb97b
Generated user: com.fake_orgasm.users_management.models.User@5dcf0ffd
Generated user: com.fake_orgasm.users_management.models.User@5b7a9827
Generated user: com.fake_orgasm.users_management.models.User@5bff2899
Generated user: com.fake_orgasm.users_management.models.User@2960c1de
Generated user: com.fake_orgasm.users_management.models.User@680de9d6
Generated user: com.fake_orgasm.users_management.models.User@61474cb8
Generated user: com.fake_orgasm.users_management.models.User@33f5ce13
Generated user: com.fake_orgasm.users_management.models.User@28632283
Generated user: com.fake_orgasm.users_management.models.User@c0c1e63
Generated user: com.fake_orgasm.users_management.models.User@d1eef8e
Generated user: com.fake_orgasm.users_management.models.User@527c0a7b
Generated user: com.fake_orgasm.users_management.models.User@7113647e
Generated user: com.fake_orgasm.users_management.models.User@79ee650c
Generated user: com.fake_orgasm.users_management.models.User@541aecd0
Generated user: com.fake_orgasm.users_management.models.User@707ffc11
Generated user: com.fake_orgasm.users_management.models.User@2ebe7fd4
Generated user: com.fake_orgasm.users_management.models.User@568f4f9
Generated user: com.fake_orgasm.users_management.models.User@4564bef9
Generated user: com.fake_orgasm.users_management.models.User@92b85d4
Generated user: com.fake_orgasm.users_management.models.User@65e643d3
Generated user: com.fake_orgasm.users_management.models.User@39877b61
Generated user: com.fake_orgasm.users_management.models.User@1d86569
Generated user: com.fake_orgasm.users_management.models.User@5256d635
Generated user: com.fake_orgasm.users_management.models.User@bf46304
Generated user: com.fake_orgasm.users_management.models.User@7f95edc4
Generated user: com.fake_orgasm.users_management.models.User@671cf2e6
Generated user: com.fake_orgasm.users_management.models.User@47f51d6
Generated user: com.fake_orgasm.users_management.models.User@f3f1bd7
Generated user: com.fake_orgasm.users_management.models.User@5a00b52c
Generated user: com.fake_orgasm.users_management.models.User@716c9f6b
Generated user: com.fake_orgasm.users_management.models.User@5de2d7f8
Generated user: com.fake_orgasm.users_management.models.User@23c13e2b
Generated user: com.fake_orgasm.users_management.models.User@164623be
Generated user: com.fake_orgasm.users_management.models.User@2ea4e862
Generated user: com.fake_orgasm.users_management.models.User@4d3f9f42
Generated user: com.fake_orgasm.users_management.models.User@3ed9f916
Generated user: com.fake_orgasm.users_management.models.User@6ca481fd
Generated user: com.fake_orgasm.users_management.models.User@729391fa
Generated user: com.fake_orgasm.users_management.models.User@36934709
Generated user: com.fake_orgasm.users_management.models.User@3da2e799
Generated user: com.fake_orgasm.users_management.models.User@410a91f2
Generated user: com.fake_orgasm.users_management.models.User@376e3324
Generated user: com.fake_orgasm.users_management.models.User@6b0eded0
Generated user: com.fake_orgasm.users_management.models.User@7d8374cd
Generated user: com.fake_orgasm.users_management.models.User@2ea96fac
Generated user: com.fake_orgasm.users_management.models.User@5eaa1b42
Generated user: com.fake_orgasm.users_management.models.User@18efa614
Generated user: com.fake_orgasm.users_management.models.User@168ec4a
Generated user: com.fake_orgasm.users_management.models.User@1ab18a1b
Generated user: com.fake_orgasm.users_management.models.User@1c9bded3
Generated user: com.fake_orgasm.users_management.models.User@4a2af332
Generated user: com.fake_orgasm.users_management.models.User@55c7c43a
Generated user: com.fake_orgasm.users_management.models.User@3b25f5b8
Generated user: com.fake_orgasm.users_management.models.User@37656ced
Generated user: com.fake_orgasm.users_management.models.User@1a038798
Generated user: com.fake_orgasm.users_management.models.User@40732875
Generated user: com.fake_orgasm.users_management.models.User@64d38e25
Generated user: com.fake_orgasm.users_management.models.User@40c59e2e
Generated user: com.fake_orgasm.users_management.models.User@1bcb098
Generated user: com.fake_orgasm.users_management.models.User@49df623b
Generated user: com.fake_orgasm.users_management.models.User@36018b0d
Generated user: com.fake_orgasm.users_management.models.User@3d4d0120
Generated user: com.fake_orgasm.users_management.models.User@62cf6e8
Generated user: com.fake_orgasm.users_management.models.User@cb95c44
Generated user: com.fake_orgasm.users_management.models.User@47e1c592
Generated user: com.fake_orgasm.users_management.models.User@2c6eb0a3
Generated user: com.fake_orgasm.users_management.models.User@2e37db8d
Generated user: com.fake_orgasm.users_management.models.User@48d426b9
Generated user: com.fake_orgasm.users_management.models.User@6a4781cd
Generated user: com.fake_orgasm.users_management.models.User@70d92032
Generated user: com.fake_orgasm.users_management.models.User@2c7668b2
Generated user: com.fake_orgasm.users_management.models.User@55b1992d
Generated user: com.fake_orgasm.users_management.models.User@48f4e79a
Generated user: com.fake_orgasm.users_management.models.User@31c0657f
Generated user: com.fake_orgasm.users_management.models.User@491fb627
Generated user: com.fake_orgasm.users_management.models.User@690394c1
Generated user: com.fake_orgasm.users_management.models.User@5103d525
Generated user: com.fake_orgasm.users_management.models.User@7f743aa8
Generated user: com.fake_orgasm.users_management.models.User@bb08491
Generated user: com.fake_orgasm.users_management.models.User@559c2baf
Generated user: com.fake_orgasm.users_management.models.User@23790caa
Generated user: com.fake_orgasm.users_management.models.User@412d2e16
Generated user: com.fake_orgasm.users_management.models.User@30687bd5
Generated user: com.fake_orgasm.users_management.models.User@e562e1e
Generated user: com.fake_orgasm.users_management.models.User@6901dd2d
Generated user: com.fake_orgasm.users_management.models.User@397722b0
Generated user: com.fake_orgasm.users_management.models.User@4fa1c205
Generated user: com.fake_orgasm.users_management.models.User@67e0559d
Generated user: com.fake_orgasm.users_management.models.User@31533f09
Generated user: com.fake_orgasm.users_management.models.User@2ae57067
Generated user: com.fake_orgasm.users_management.models.User@58edd09f
Generated user: com.fake_orgasm.users_management.models.User@6cf84203
Generated user: com.fake_orgasm.users_management.models.User@78d7b1e4
Generated user: com.fake_orgasm.users_management.models.User@3e520a6a
Generated user: com.fake_orgasm.users_management.models.User@5fda93cf
Generated user: com.fake_orgasm.users_management.models.User@50ff3ac9
Generated user: com.fake_orgasm.users_management.models.User@3f1e6029
Generated user: com.fake_orgasm.users_management.models.User@1b46bb27
Generated user: com.fake_orgasm.users_management.models.User@1d7fc090
Generated user: com.fake_orgasm.users_management.models.User@95ea90a
Generated user: com.fake_orgasm.users_management.models.User@212b6ba9
Generated user: com.fake_orgasm.users_management.models.User@2149af9e
Generated user: com.fake_orgasm.users_management.models.User@849f00c
Generated user: com.fake_orgasm.users_management.models.User@74a31ef6
Generated user: com.fake_orgasm.users_management.models.User@eaf55e8
Generated user: com.fake_orgasm.users_management.models.User@62f62efc
Generated user: com.fake_orgasm.users_management.models.User@25786b3e
Generated user: com.fake_orgasm.users_management.models.User@49c085c9
Generated user: com.fake_orgasm.users_management.models.User@3d34990c
Generated user: com.fake_orgasm.users_management.models.User@6ee6c198
Generated user: com.fake_orgasm.users_management.models.User@8a166e1
Generated user: com.fake_orgasm.users_management.models.User@450254f1
Generated user: com.fake_orgasm.users_management.models.User@5ce749a4
Generated user: com.fake_orgasm.users_management.models.User@4d5b9a1
Generated user: com.fake_orgasm.users_management.models.User@7c041b4
Generated user: com.fake_orgasm.users_management.models.User@50b22861
Generated user: com.fake_orgasm.users_management.models.User@36fee1ba
Generated user: com.fake_orgasm.users_management.models.User@1f4f5e75
Generated user: com.fake_orgasm.users_management.models.User@1a0771c9
Generated user: com.fake_orgasm.users_management.models.User@5b37b3c8
Generated user: com.fake_orgasm.users_management.models.User@1a857a25
Generated user: com.fake_orgasm.users_management.models.User@7f5c33f6
Generated user: com.fake_orgasm.users_management.models.User@5e748ced
Generated user: com.fake_orgasm.users_management.models.User@383bcd18
Generated user: com.fake_orgasm.users_management.models.User@95ecc68
Generated user: com.fake_orgasm.users_management.models.User@17038d36
Generated user: com.fake_orgasm.users_management.models.User@6d6a68df
Generated user: com.fake_orgasm.users_management.models.User@bdf2b67
Generated user: com.fake_orgasm.users_management.models.User@741d9bf8
Generated user: com.fake_orgasm.users_management.models.User@7ffcd270
Generated user: com.fake_orgasm.users_management.models.User@416e61c0
Generated user: com.fake_orgasm.users_management.models.User@3318ee99
Generated user: com.fake_orgasm.users_management.models.User@2bc27159
Generated user: com.fake_orgasm.users_management.models.User@32344903
Generated user: com.fake_orgasm.users_management.models.User@e65ee4
Generated user: com.fake_orgasm.users_management.models.User@747e1447
Generated user: com.fake_orgasm.users_management.models.User@4c0efb28
Generated user: com.fake_orgasm.users_management.models.User@5c62cffb
Generated user: com.fake_orgasm.users_management.models.User@6e41bbed
Generated user: com.fake_orgasm.users_management.models.User@6a99564e
Generated user: com.fake_orgasm.users_management.models.User@51f5278e
Generated user: com.fake_orgasm.users_management.models.User@1b22275c
Generated user: com.fake_orgasm.users_management.models.User@785f7906
Generated user: com.fake_orgasm.users_management.models.User@58547b65
Generated user: com.fake_orgasm.users_management.models.User@2065eeb6
Generated user: com.fake_orgasm.users_management.models.User@2af72521
Generated user: com.fake_orgasm.users_management.models.User@29e3fe30
Generated user: com.fake_orgasm.users_management.models.User@5297373a
Generated user: com.fake_orgasm.users_management.models.User@5d087380
Generated user: com.fake_orgasm.users_management.models.User@4e459b2d
Generated user: com.fake_orgasm.users_management.models.User@78e1feab
Generated user: com.fake_orgasm.users_management.models.User@1324286a
Generated user: com.fake_orgasm.users_management.models.User@d2ecdfd
Generated user: com.fake_orgasm.users_management.models.User@6fd0b386
Generated user: com.fake_orgasm.users_management.models.User@18331c71
Generated user: com.fake_orgasm.users_management.models.User@2a660065
Generated user: com.fake_orgasm.users_management.models.User@51dc61f1
Generated user: com.fake_orgasm.users_management.models.User@3bfab4cf
Generated user: com.fake_orgasm.users_management.models.User@3baae755
Generated user: com.fake_orgasm.users_management.models.User@21d5ad6d
Generated user: com.fake_orgasm.users_management.models.User@1334934f
Generated user: com.fake_orgasm.users_management.models.User@7d06012a
Generated user: com.fake_orgasm.users_management.models.User@11fad190
Generated user: com.fake_orgasm.users_management.models.User@1dc8a807
Generated user: com.fake_orgasm.users_management.models.User@2ad1fe1a
Generated user: com.fake_orgasm.users_management.models.User@6793a53b
Generated user: com.fake_orgasm.users_management.models.User@20228e08
Generated user: com.fake_orgasm.users_management.models.User@7872829b
Generated user: com.fake_orgasm.users_management.models.User@5df682a1
Generated user: com.fake_orgasm.users_management.models.User@27b65e59
Generated user: com.fake_orgasm.users_management.models.User@1350c669
Generated user: com.fake_orgasm.users_management.models.User@7fdae8c2
Generated user: com.fake_orgasm.users_management.models.User@16508e12
Generated user: com.fake_orgasm.users_management.models.User@3815e17
Generated user: com.fake_orgasm.users_management.models.User@16f7a380
Generated user: com.fake_orgasm.users_management.models.User@3ec3d564
Generated user: com.fake_orgasm.users_management.models.User@307d7799
Generated user: com.fake_orgasm.users_management.models.User@5b0a2160
Generated user: com.fake_orgasm.users_management.models.User@1afa61ee
Generated user: com.fake_orgasm.users_management.models.User@c8b6b42
Generated user: com.fake_orgasm.users_management.models.User@4c4d8e57
Generated user: com.fake_orgasm.users_management.models.User@19a866c1
Generated user: com.fake_orgasm.users_management.models.User@1ea17d74
Generated user: com.fake_orgasm.users_management.models.User@47d7be26
Generated user: com.fake_orgasm.users_management.models.User@43560f43
Generated user: com.fake_orgasm.users_management.models.User@6bd5db57
Generated user: com.fake_orgasm.users_management.models.User@2ec81f58
Generated user: com.fake_orgasm.users_management.models.User@e5713e0
Generated user: com.fake_orgasm.users_management.models.User@7d88397e
Generated user: com.fake_orgasm.users_management.models.User@38425afb
Generated user: com.fake_orgasm.users_management.models.User@561ea074
Generated user: com.fake_orgasm.users_management.models.User@60e06144
Generated user: com.fake_orgasm.users_management.models.User@5c9ff7ef
Generated user: com.fake_orgasm.users_management.models.User@76a0fb05
Generated user: com.fake_orgasm.users_management.models.User@559ee8a5
Generated user: com.fake_orgasm.users_management.models.User@36974913
Generated user: com.fake_orgasm.users_management.models.User@1594f0a1
Generated user: com.fake_orgasm.users_management.models.User@649d49c5
Generated user: com.fake_orgasm.users_management.models.User@46e44e33
Generated user: com.fake_orgasm.users_management.models.User@4a37482d
Generated user: com.fake_orgasm.users_management.models.User@7814a832
Generated user: com.fake_orgasm.users_management.models.User@76c91594
Generated user: com.fake_orgasm.users_management.models.User@123858a8
Generated user: com.fake_orgasm.users_management.models.User@62be0ce2
Generated user: com.fake_orgasm.users_management.models.User@3f367dbf
Generated user: com.fake_orgasm.users_management.models.User@16daa78
Generated user: com.fake_orgasm.users_management.models.User@51404fe5
Generated user: com.fake_orgasm.users_management.models.User@438b9033
Generated user: com.fake_orgasm.users_management.models.User@4fdcd678
Generated user: com.fake_orgasm.users_management.models.User@238e8b91
Generated user: com.fake_orgasm.users_management.models.User@7062d762
Generated user: com.fake_orgasm.users_management.models.User@6ff7cb55
Generated user: com.fake_orgasm.users_management.models.User@4631bfc5
Generated user: com.fake_orgasm.users_management.models.User@11b47691
Generated user: com.fake_orgasm.users_management.models.User@778b7a02
Generated user: com.fake_orgasm.users_management.models.User@26f7bac5
Generated user: com.fake_orgasm.users_management.models.User@6d73f649
Generated user: com.fake_orgasm.users_management.models.User@5f411588
Generated user: com.fake_orgasm.users_management.models.User@73363f08
Generated user: com.fake_orgasm.users_management.models.User@680c9239
Generated user: com.fake_orgasm.users_management.models.User@1abff0cf
Generated user: com.fake_orgasm.users_management.models.User@4d855b45
Generated user: com.fake_orgasm.users_management.models.User@f09e382
Generated user: com.fake_orgasm.users_management.models.User@3182500
Generated user: com.fake_orgasm.users_management.models.User@66448424
Generated user: com.fake_orgasm.users_management.models.User@17cb4da
Generated user: com.fake_orgasm.users_management.models.User@41294284
Generated user: com.fake_orgasm.users_management.models.User@35b4f84
Generated user: com.fake_orgasm.users_management.models.User@41fc9e6f
Generated user: com.fake_orgasm.users_management.models.User@2c71ecb0
Generated user: com.fake_orgasm.users_management.models.User@38fee82f
Generated user: com.fake_orgasm.users_management.models.User@2032bc80
Generated user: com.fake_orgasm.users_management.models.User@5377cd80
Generated user: com.fake_orgasm.users_management.models.User@34789a76
Generated user: com.fake_orgasm.users_management.models.User@782bbbf8
Generated user: com.fake_orgasm.users_management.models.User@4dc8cec1
Generated user: com.fake_orgasm.users_management.models.User@203e0135
Generated user: com.fake_orgasm.users_management.models.User@50e5846e
Generated user: com.fake_orgasm.users_management.models.User@249eabbd
Generated user: com.fake_orgasm.users_management.models.User@1b8757ee
Generated user: com.fake_orgasm.users_management.models.User@3536483a
Generated user: com.fake_orgasm.users_management.models.User@56ae754c
Generated user: com.fake_orgasm.users_management.models.User@7bcef67
Generated user: com.fake_orgasm.users_management.models.User@26a5f059
Generated user: com.fake_orgasm.users_management.models.User@21551b2f
Generated user: com.fake_orgasm.users_management.models.User@75b401f1
Generated user: com.fake_orgasm.users_management.models.User@25896ecf
Generated user: com.fake_orgasm.users_management.models.User@5d571e10
Generated user: com.fake_orgasm.users_management.models.User@254228ee
Generated user: com.fake_orgasm.users_management.models.User@463088f3
Generated user: com.fake_orgasm.users_management.models.User@11b5dd95
Generated user: com.fake_orgasm.users_management.models.User@7f5b43fe
Generated user: com.fake_orgasm.users_management.models.User@4a2fb185
Generated user: com.fake_orgasm.users_management.models.User@2ef473a0
Generated user: com.fake_orgasm.users_management.models.User@68f6326c
Generated user: com.fake_orgasm.users_management.models.User@73785e8a
Generated user: com.fake_orgasm.users_management.models.User@e49225d
Generated user: com.fake_orgasm.users_management.models.User@2e01be05
Generated user: com.fake_orgasm.users_management.models.User@7e816740
Generated user: com.fake_orgasm.users_management.models.User@4f41e5c
Generated user: com.fake_orgasm.users_management.models.User@2e66f60c
Generated user: com.fake_orgasm.users_management.models.User@d36c319
Generated user: com.fake_orgasm.users_management.models.User@247eeadc
Generated user: com.fake_orgasm.users_management.models.User@778a2e95
Generated user: com.fake_orgasm.users_management.models.User@3232cfdd
Generated user: com.fake_orgasm.users_management.models.User@40a48881
Generated user: com.fake_orgasm.users_management.models.User@303e0bcd
Generated user: com.fake_orgasm.users_management.models.User@918646a
Generated user: com.fake_orgasm.users_management.models.User@5220d9ed
Generated user: com.fake_orgasm.users_management.models.User@486e6133
Generated user: com.fake_orgasm.users_management.models.User@6b0ec1ec
Generated user: com.fake_orgasm.users_management.models.User@ecce503
Generated user: com.fake_orgasm.users_management.models.User@3f71765e
Generated user: com.fake_orgasm.users_management.models.User@6c8a4366
Generated user: com.fake_orgasm.users_management.models.User@7116eeba
Generated user: com.fake_orgasm.users_management.models.User@181be966
Generated user: com.fake_orgasm.users_management.models.User@2cecafbd
Generated user: com.fake_orgasm.users_management.models.User@12434835
Generated user: com.fake_orgasm.users_management.models.User@546617f9
Generated user: com.fake_orgasm.users_management.models.User@13f194ca
Generated user: com.fake_orgasm.users_management.models.User@5a29504e
Generated user: com.fake_orgasm.users_management.models.User@5223a9de
Generated user: com.fake_orgasm.users_management.models.User@369eb5bc
Generated user: com.fake_orgasm.users_management.models.User@29d63061
Generated user: com.fake_orgasm.users_management.models.User@39edae35
Generated user: com.fake_orgasm.users_management.models.User@764f9d8f
Generated user: com.fake_orgasm.users_management.models.User@353fe5af
Generated user: com.fake_orgasm.users_management.models.User@2d729e51
Generated user: com.fake_orgasm.users_management.models.User@79ba11cc
Generated user: com.fake_orgasm.users_management.models.User@73934891
Generated user: com.fake_orgasm.users_management.models.User@39cbc9d1
Generated user: com.fake_orgasm.users_management.models.User@7258af
Generated user: com.fake_orgasm.users_management.models.User@296f1d1c
Generated user: com.fake_orgasm.users_management.models.User@40510f60
Generated user: com.fake_orgasm.users_management.models.User@27b3d3fa
Generated user: com.fake_orgasm.users_management.models.User@35965083
Generated user: com.fake_orgasm.users_management.models.User@64402cd0
Generated user: com.fake_orgasm.users_management.models.User@2c220537
Generated user: com.fake_orgasm.users_management.models.User@15372f4a
Generated user: com.fake_orgasm.users_management.models.User@12a27727
Generated user: com.fake_orgasm.users_management.models.User@77e1ef0f
Generated user: com.fake_orgasm.users_management.models.User@4bd64779
Generated user: com.fake_orgasm.users_management.models.User@67376c36
Generated user: com.fake_orgasm.users_management.models.User@66ad34b8
Generated user: com.fake_orgasm.users_management.models.User@1ecc26f5
Generated user: com.fake_orgasm.users_management.models.User@675847da
Generated user: com.fake_orgasm.users_management.models.User@3bd2c1db
Generated user: com.fake_orgasm.users_management.models.User@34552aed
Generated user: com.fake_orgasm.users_management.models.User@4bd1591c
Generated user: com.fake_orgasm.users_management.models.User@63a72b66
Generated user: com.fake_orgasm.users_management.models.User@52dcd15a
Generated user: com.fake_orgasm.users_management.models.User@732f979
Generated user: com.fake_orgasm.users_management.models.User@72fc35b8
Generated user: com.fake_orgasm.users_management.models.User@6bb36b7d
Generated user: com.fake_orgasm.users_management.models.User@5fd13150
Generated user: com.fake_orgasm.users_management.models.User@4f38f2e2
Generated user: com.fake_orgasm.users_management.models.User@5c7a5f48
Generated user: com.fake_orgasm.users_management.models.User@2c623f39
Generated user: com.fake_orgasm.users_management.models.User@7aefc054
Generated user: com.fake_orgasm.users_management.models.User@72c88209
Generated user: com.fake_orgasm.users_management.models.User@7cc60307
Generated user: com.fake_orgasm.users_management.models.User@41e06051
Generated user: com.fake_orgasm.users_management.models.User@4509f559
Generated user: com.fake_orgasm.users_management.models.User@7367ff3b
Generated user: com.fake_orgasm.users_management.models.User@3ff5146b
Generated user: com.fake_orgasm.users_management.models.User@7dd5192c
Generated user: com.fake_orgasm.users_management.models.User@77fc98f2
Generated user: com.fake_orgasm.users_management.models.User@3b2e2f11
Generated user: com.fake_orgasm.users_management.models.User@2cef3253
Generated user: com.fake_orgasm.users_management.models.User@79a6429b
Generated user: com.fake_orgasm.users_management.models.User@6a0e6e55
Generated user: com.fake_orgasm.users_management.models.User@201292a2
Generated user: com.fake_orgasm.users_management.models.User@75ba4159
Generated user: com.fake_orgasm.users_management.models.User@3ec377ef
Generated user: com.fake_orgasm.users_management.models.User@27a6caa4
Generated user: com.fake_orgasm.users_management.models.User@1395cb70
Generated user: com.fake_orgasm.users_management.models.User@3402e0d2
Generated user: com.fake_orgasm.users_management.models.User@115b85b2
Generated user: com.fake_orgasm.users_management.models.User@b98ed7
Generated user: com.fake_orgasm.users_management.models.User@3d4a1bfb
Generated user: com.fake_orgasm.users_management.models.User@1eed78f0
Generated user: com.fake_orgasm.users_management.models.User@53d6188a
Generated user: com.fake_orgasm.users_management.models.User@1f55eb11
Generated user: com.fake_orgasm.users_management.models.User@722dbec3
Generated user: com.fake_orgasm.users_management.models.User@772728e
Generated user: com.fake_orgasm.users_management.models.User@648338a2
Generated user: com.fake_orgasm.users_management.models.User@543e5a40
Generated user: com.fake_orgasm.users_management.models.User@4b7a3da2
Generated user: com.fake_orgasm.users_management.models.User@5f88d041
Generated user: com.fake_orgasm.users_management.models.User@22b3b53a
Generated user: com.fake_orgasm.users_management.models.User@4790776
Generated user: com.fake_orgasm.users_management.models.User@64d30e72
Generated user: com.fake_orgasm.users_management.models.User@6dfd0d89
Generated user: com.fake_orgasm.users_management.models.User@6478ff7a
Generated user: com.fake_orgasm.users_management.models.User@40da1b57
Generated user: com.fake_orgasm.users_management.models.User@3c062da0
Generated user: com.fake_orgasm.users_management.models.User@3992feec
Generated user: com.fake_orgasm.users_management.models.User@1a32558b
Generated user: com.fake_orgasm.users_management.models.User@aa2f539
Generated user: com.fake_orgasm.users_management.models.User@7c4a2e0
Generated user: com.fake_orgasm.users_management.models.User@290f496a
Generated user: com.fake_orgasm.users_management.models.User@2119dfcd
Generated user: com.fake_orgasm.users_management.models.User@3c8ffdea
Generated user: com.fake_orgasm.users_management.models.User@1efe8b39
Generated user: com.fake_orgasm.users_management.models.User@4de9c595
Generated user: com.fake_orgasm.users_management.models.User@22618c52
Generated user: com.fake_orgasm.users_management.models.User@61425559
Generated user: com.fake_orgasm.users_management.models.User@b8fad0b
Generated user: com.fake_orgasm.users_management.models.User@8c91482
Generated user: com.fake_orgasm.users_management.models.User@26640ad5
Generated user: com.fake_orgasm.users_management.models.User@557f6bdd
Generated user: com.fake_orgasm.users_management.models.User@236e738c
Generated user: com.fake_orgasm.users_management.models.User@63430e67
Generated user: com.fake_orgasm.users_management.models.User@65f78278
Generated user: com.fake_orgasm.users_management.models.User@4b782c98
Generated user: com.fake_orgasm.users_management.models.User@1b5ad468
Generated user: com.fake_orgasm.users_management.models.User@6091d152
Generated user: com.fake_orgasm.users_management.models.User@39ac6b7a
Generated user: com.fake_orgasm.users_management.models.User@33ba9c3b
Generated user: com.fake_orgasm.users_management.models.User@7e8ef7b0
Generated user: com.fake_orgasm.users_management.models.User@10fbb272
Generated user: com.fake_orgasm.users_management.models.User@4a56ecac
Generated user: com.fake_orgasm.users_management.models.User@2deaea99
Generated user: com.fake_orgasm.users_management.models.User@2450abe3
Generated user: com.fake_orgasm.users_management.models.User@6975f539
Generated user: com.fake_orgasm.users_management.models.User@143b5737
Generated user: com.fake_orgasm.users_management.models.User@6effd90b
Generated user: com.fake_orgasm.users_management.models.User@4fd17884
Generated user: com.fake_orgasm.users_management.models.User@94b807a
Generated user: com.fake_orgasm.users_management.models.User@4787fc8b
Generated user: com.fake_orgasm.users_management.models.User@57a052f1
Generated user: com.fake_orgasm.users_management.models.User@13f105d9
Generated user: com.fake_orgasm.users_management.models.User@466c0f8d
Generated user: com.fake_orgasm.users_management.models.User@3ef7c06f
Generated user: com.fake_orgasm.users_management.models.User@6b153a9a
Generated user: com.fake_orgasm.users_management.models.User@70d125ec
Generated user: com.fake_orgasm.users_management.models.User@56e75c1c
Generated user: com.fake_orgasm.users_management.models.User@56131a17
Generated user: com.fake_orgasm.users_management.models.User@14103ba5
Generated user: com.fake_orgasm.users_management.models.User@6d17928e
Generated user: com.fake_orgasm.users_management.models.User@17c248c
Generated user: com.fake_orgasm.users_management.models.User@4f714516
Generated user: com.fake_orgasm.users_management.models.User@5aa9824e
Generated user: com.fake_orgasm.users_management.models.User@bfbf877
Generated user: com.fake_orgasm.users_management.models.User@6b43e5c0
Generated user: com.fake_orgasm.users_management.models.User@2e5f544b
Generated user: com.fake_orgasm.users_management.models.User@3872083c
Generated user: com.fake_orgasm.users_management.models.User@6c9e7705
Generated user: com.fake_orgasm.users_management.models.User@1807e2b3
Generated user: com.fake_orgasm.users_management.models.User@4cae10f4
Generated user: com.fake_orgasm.users_management.models.User@6435c2b5
Generated user: com.fake_orgasm.users_management.models.User@1e74bd76
Generated user: com.fake_orgasm.users_management.models.User@7677c21
Generated user: com.fake_orgasm.users_management.models.User@38c21392
Generated user: com.fake_orgasm.users_management.models.User@744ce14b
Generated user: com.fake_orgasm.users_management.models.User@4fe86db9
Generated user: com.fake_orgasm.users_management.models.User@73d28611
Generated user: com.fake_orgasm.users_management.models.User@5ba4557a
Generated user: com.fake_orgasm.users_management.models.User@4871a1fc
Generated user: com.fake_orgasm.users_management.models.User@447898ee
Generated user: com.fake_orgasm.users_management.models.User@237d7c7e
Generated user: com.fake_orgasm.users_management.models.User@5a0be2ee
Generated user: com.fake_orgasm.users_management.models.User@1f30c612
Generated user: com.fake_orgasm.users_management.models.User@1f0f82f2
Generated user: com.fake_orgasm.users_management.models.User@57d993e1
Generated user: com.fake_orgasm.users_management.models.User@52401766
Generated user: com.fake_orgasm.users_management.models.User@4b595b6a
Generated user: com.fake_orgasm.users_management.models.User@282248e1
Generated user: com.fake_orgasm.users_management.models.User@33ff809f
Generated user: com.fake_orgasm.users_management.models.User@61d65aa1
Generated user: com.fake_orgasm.users_management.models.User@6055cffa
Generated user: com.fake_orgasm.users_management.models.User@5a8af651
Generated user: com.fake_orgasm.users_management.models.User@15be7ee7
Generated user: com.fake_orgasm.users_management.models.User@46ee3da3
Generated user: com.fake_orgasm.users_management.models.User@88a109b
Generated user: com.fake_orgasm.users_management.models.User@5bf47a5
Generated user: com.fake_orgasm.users_management.models.User@639058b3
Generated user: com.fake_orgasm.users_management.models.User@54246247
Generated user: com.fake_orgasm.users_management.models.User@cf2ae90
Generated user: com.fake_orgasm.users_management.models.User@730f52c4
Generated user: com.fake_orgasm.users_management.models.User@123bd9d6
Generated user: com.fake_orgasm.users_management.models.User@657aa78c
Generated user: com.fake_orgasm.users_management.models.User@7ce5139d
Generated user: com.fake_orgasm.users_management.models.User@75f5e7b7
Generated user: com.fake_orgasm.users_management.models.User@394c75b6
Generated user: com.fake_orgasm.users_management.models.User@93af3d4
Generated user: com.fake_orgasm.users_management.models.User@5d977095
Generated user: com.fake_orgasm.users_management.models.User@785fccf
Generated user: com.fake_orgasm.users_management.models.User@5d3ed84c
Generated user: com.fake_orgasm.users_management.models.User@344246c
Generated user: com.fake_orgasm.users_management.models.User@6531ff49
Generated user: com.fake_orgasm.users_management.models.User@4d7a04a4
Generated user: com.fake_orgasm.users_management.models.User@662d59ff
Generated user: com.fake_orgasm.users_management.models.User@44e87612
Generated user: com.fake_orgasm.users_management.models.User@2e491271
Generated user: com.fake_orgasm.users_management.models.User@330b7c38
Generated user: com.fake_orgasm.users_management.models.User@3fe52907
Generated user: com.fake_orgasm.users_management.models.User@383a800f
Generated user: com.fake_orgasm.users_management.models.User@5e06c7e3
Generated user: com.fake_orgasm.users_management.models.User@36048aa7
Generated user: com.fake_orgasm.users_management.models.User@203f3071
Generated user: com.fake_orgasm.users_management.models.User@4ce9e681
Generated user: com.fake_orgasm.users_management.models.User@24380920
Generated user: com.fake_orgasm.users_management.models.User@367bfeb2
Generated user: com.fake_orgasm.users_management.models.User@6f9eecb4
Generated user: com.fake_orgasm.users_management.models.User@6c40c228
Generated user: com.fake_orgasm.users_management.models.User@855a789
Generated user: com.fake_orgasm.users_management.models.User@61b2565f
Generated user: com.fake_orgasm.users_management.models.User@7951fd91
Generated user: com.fake_orgasm.users_management.models.User@13ea3111
Generated user: com.fake_orgasm.users_management.models.User@36a6b50a
Generated user: com.fake_orgasm.users_management.models.User@45d51d2f
Generated user: com.fake_orgasm.users_management.models.User@331edd71
Generated user: com.fake_orgasm.users_management.models.User@713e00ba
Generated user: com.fake_orgasm.users_management.models.User@7233e572
Generated user: com.fake_orgasm.users_management.models.User@1fe2b27e
Generated user: com.fake_orgasm.users_management.models.User@5ad201a6
Generated user: com.fake_orgasm.users_management.models.User@5b68e196
Generated user: com.fake_orgasm.users_management.models.User@369d97fc
Generated user: com.fake_orgasm.users_management.models.User@3c66a213
Generated user: com.fake_orgasm.users_management.models.User@76735b08
Generated user: com.fake_orgasm.users_management.models.User@6a8b6001
Generated user: com.fake_orgasm.users_management.models.User@307328db
Generated user: com.fake_orgasm.users_management.models.User@398c62fc
Generated user: com.fake_orgasm.users_management.models.User@55cbc5de
Generated user: com.fake_orgasm.users_management.models.User@64f12c0e
Generated user: com.fake_orgasm.users_management.models.User@4d6df5bb
Generated user: com.fake_orgasm.users_management.models.User@172ce568
Generated user: com.fake_orgasm.users_management.models.User@1cc22766
Generated user: com.fake_orgasm.users_management.models.User@713ef9ac
Generated user: com.fake_orgasm.users_management.models.User@53dc0a1d
Generated user: com.fake_orgasm.users_management.models.User@232bb2ab
Generated user: com.fake_orgasm.users_management.models.User@2e5f58bf
Generated user: com.fake_orgasm.users_management.models.User@28aa2741
Generated user: com.fake_orgasm.users_management.models.User@1b155cab
Generated user: com.fake_orgasm.users_management.models.User@65d51b88
Generated user: com.fake_orgasm.users_management.models.User@311b3d2d
Generated user: com.fake_orgasm.users_management.models.User@48729460
Generated user: com.fake_orgasm.users_management.models.User@79b369c1
Generated user: com.fake_orgasm.users_management.models.User@34f73424
Generated user: com.fake_orgasm.users_management.models.User@5c6d95c2
Generated user: com.fake_orgasm.users_management.models.User@60dbbb
Generated user: com.fake_orgasm.users_management.models.User@627f5717
Generated user: com.fake_orgasm.users_management.models.User@6fa41968
Generated user: com.fake_orgasm.users_management.models.User@5f5742db
Generated user: com.fake_orgasm.users_management.models.User@596ce789
Generated user: com.fake_orgasm.users_management.models.User@4133c45c
Generated user: com.fake_orgasm.users_management.models.User@e93ea4b
Generated user: com.fake_orgasm.users_management.models.User@6bb730d8
Generated user: com.fake_orgasm.users_management.models.User@55d9c288
Generated user: com.fake_orgasm.users_management.models.User@a97fd4b
Generated user: com.fake_orgasm.users_management.models.User@1bc78fe0
Generated user: com.fake_orgasm.users_management.models.User@49245db0
Generated user: com.fake_orgasm.users_management.models.User@52721b9e
Generated user: com.fake_orgasm.users_management.models.User@67bad93e
Generated user: com.fake_orgasm.users_management.models.User@40a5e2a6
Generated user: com.fake_orgasm.users_management.models.User@2b07eedf
Generated user: com.fake_orgasm.users_management.models.User@69ebbeca
Generated user: com.fake_orgasm.users_management.models.User@5829f9e0
Generated user: com.fake_orgasm.users_management.models.User@37769091
Generated user: com.fake_orgasm.users_management.models.User@2393e1b6
Generated user: com.fake_orgasm.users_management.models.User@173a16e0
Generated user: com.fake_orgasm.users_management.models.User@cb1b1e
Generated user: com.fake_orgasm.users_management.models.User@33ae18e
Generated user: com.fake_orgasm.users_management.models.User@3f183e0e
Generated user: com.fake_orgasm.users_management.models.User@78d2a21b
Generated user: com.fake_orgasm.users_management.models.User@201955f4
Generated user: com.fake_orgasm.users_management.models.User@747be6e8
Generated user: com.fake_orgasm.users_management.models.User@a6d5e27
Generated user: com.fake_orgasm.users_management.models.User@6742e70b
Generated user: com.fake_orgasm.users_management.models.User@d9eb8e2
Generated user: com.fake_orgasm.users_management.models.User@26f9431f
Generated user: com.fake_orgasm.users_management.models.User@4605ad81
Generated user: com.fake_orgasm.users_management.models.User@368f70f5
Generated user: com.fake_orgasm.users_management.models.User@4eae876e
Generated user: com.fake_orgasm.users_management.models.User@2223d41f
Generated user: com.fake_orgasm.users_management.models.User@49a11c7f
Generated user: com.fake_orgasm.users_management.models.User@4e4d566
Generated user: com.fake_orgasm.users_management.models.User@3e4ba763
Generated user: com.fake_orgasm.users_management.models.User@2f41f99
Generated user: com.fake_orgasm.users_management.models.User@4377a95c
Generated user: com.fake_orgasm.users_management.models.User@619a0bb1
Generated user: com.fake_orgasm.users_management.models.User@24bbb685
Generated user: com.fake_orgasm.users_management.models.User@6e12a12b
Generated user: com.fake_orgasm.users_management.models.User@adb0fdd
Generated user: com.fake_orgasm.users_management.models.User@66118e1f
Generated user: com.fake_orgasm.users_management.models.User@367e49a9
Generated user: com.fake_orgasm.users_management.models.User@6e14c7d
Generated user: com.fake_orgasm.users_management.models.User@16a757a
Generated user: com.fake_orgasm.users_management.models.User@6b75980e
Generated user: com.fake_orgasm.users_management.models.User@536729b8
Generated user: com.fake_orgasm.users_management.models.User@43e3792b
Generated user: com.fake_orgasm.users_management.models.User@5e7c21f8
Generated user: com.fake_orgasm.users_management.models.User@1fa48a92
Generated user: com.fake_orgasm.users_management.models.User@64c47bb4
Generated user: com.fake_orgasm.users_management.models.User@3c366c26
Generated user: com.fake_orgasm.users_management.models.User@3faf9b9
Generated user: com.fake_orgasm.users_management.models.User@38b1034e
Generated user: com.fake_orgasm.users_management.models.User@7f6fc637
Generated user: com.fake_orgasm.users_management.models.User@70b7d2a0
Generated user: com.fake_orgasm.users_management.models.User@24d4da3e
Generated user: com.fake_orgasm.users_management.models.User@14cf0699
Generated user: com.fake_orgasm.users_management.models.User@15103449
Generated user: com.fake_orgasm.users_management.models.User@5bfcc699
Generated user: com.fake_orgasm.users_management.models.User@597bf2f2
Generated user: com.fake_orgasm.users_management.models.User@356ccc8a
Generated user: com.fake_orgasm.users_management.models.User@214a1412
Generated user: com.fake_orgasm.users_management.models.User@1cbfd6ac
Generated user: com.fake_orgasm.users_management.models.User@1ad55bab
Generated user: com.fake_orgasm.users_management.models.User@209d85e
Generated user: com.fake_orgasm.users_management.models.User@769d581
Generated user: com.fake_orgasm.users_management.models.User@7b0ca769
Generated user: com.fake_orgasm.users_management.models.User@3cfcf07e
Generated user: com.fake_orgasm.users_management.models.User@5c39d0c1
Generated user: com.fake_orgasm.users_management.models.User@665a009c
Generated user: com.fake_orgasm.users_management.models.User@602c5202
Generated user: com.fake_orgasm.users_management.models.User@1fac8d4c
Generated user: com.fake_orgasm.users_management.models.User@2a4604d8
Generated user: com.fake_orgasm.users_management.models.User@562096e5
Generated user: com.fake_orgasm.users_management.models.User@34efc916
Generated user: com.fake_orgasm.users_management.models.User@d04e35f
Generated user: com.fake_orgasm.users_management.models.User@2642a892
Generated user: com.fake_orgasm.users_management.models.User@3b6c5c83
Generated user: com.fake_orgasm.users_management.models.User@247c521a
Generated user: com.fake_orgasm.users_management.models.User@40d1704f
Generated user: com.fake_orgasm.users_management.models.User@3e86e289
Generated user: com.fake_orgasm.users_management.models.User@1214510e
Generated user: com.fake_orgasm.users_management.models.User@746b3b36
Generated user: com.fake_orgasm.users_management.models.User@38205608
Generated user: com.fake_orgasm.users_management.models.User@490edce7
Generated user: com.fake_orgasm.users_management.models.User@61f19dcb
Generated user: com.fake_orgasm.users_management.models.User@3895bb50
Generated user: com.fake_orgasm.users_management.models.User@2a69cab2
Generated user: com.fake_orgasm.users_management.models.User@5a7d0058
Generated user: com.fake_orgasm.users_management.models.User@1a4562d0
Generated user: com.fake_orgasm.users_management.models.User@6a4510bf
Generated user: com.fake_orgasm.users_management.models.User@20efe786
Generated user: com.fake_orgasm.users_management.models.User@559300f4
Generated user: com.fake_orgasm.users_management.models.User@4d1d3995
Generated user: com.fake_orgasm.users_management.models.User@40496e2d
Generated user: com.fake_orgasm.users_management.models.User@29c546de
Generated user: com.fake_orgasm.users_management.models.User@7204d9bc
Generated user: com.fake_orgasm.users_management.models.User@18a7f2d4
Generated user: com.fake_orgasm.users_management.models.User@3006ffab
Generated user: com.fake_orgasm.users_management.models.User@472bf591
Generated user: com.fake_orgasm.users_management.models.User@7ddfddff
Generated user: com.fake_orgasm.users_management.models.User@63debd70
Generated user: com.fake_orgasm.users_management.models.User@76ecfc6f
Generated user: com.fake_orgasm.users_management.models.User@602ef463
Generated user: com.fake_orgasm.users_management.models.User@22711237
Generated user: com.fake_orgasm.users_management.models.User@47389be0
Generated user: com.fake_orgasm.users_management.models.User@250d5a75
Generated user: com.fake_orgasm.users_management.models.User@5fa769eb
Generated user: com.fake_orgasm.users_management.models.User@263e4b0e
Generated user: com.fake_orgasm.users_management.models.User@49046a52
Generated user: com.fake_orgasm.users_management.models.User@37a0c422
Generated user: com.fake_orgasm.users_management.models.User@5e9e12fd
Generated user: com.fake_orgasm.users_management.models.User@1d6a984b
Generated user: com.fake_orgasm.users_management.models.User@5dfa7555
Generated user: com.fake_orgasm.users_management.models.User@52fba761
Generated user: com.fake_orgasm.users_management.models.User@3976a730
Generated user: com.fake_orgasm.users_management.models.User@649e00b
Generated user: com.fake_orgasm.users_management.models.User@53ca0cb6
Generated user: com.fake_orgasm.users_management.models.User@7dede5c8
Generated user: com.fake_orgasm.users_management.models.User@733377fd
Generated user: com.fake_orgasm.users_management.models.User@7ff0118c
Generated user: com.fake_orgasm.users_management.models.User@778f482e
Generated user: com.fake_orgasm.users_management.models.User@4d2ded73
Generated user: com.fake_orgasm.users_management.models.User@1996aa8a
Generated user: com.fake_orgasm.users_management.models.User@731daed1
Generated user: com.fake_orgasm.users_management.models.User@346ffd54
Generated user: com.fake_orgasm.users_management.models.User@168bd8df
Generated user: com.fake_orgasm.users_management.models.User@3a65e27e
Generated user: com.fake_orgasm.users_management.models.User@65ee0556
Generated user: com.fake_orgasm.users_management.models.User@133ecb08
Generated user: com.fake_orgasm.users_management.models.User@20230751
Generated user: com.fake_orgasm.users_management.models.User@5ee07740
Generated user: com.fake_orgasm.users_management.models.User@6f1628ae
Generated user: com.fake_orgasm.users_management.models.User@2391d63a
Generated user: com.fake_orgasm.users_management.models.User@1bb05496
Generated user: com.fake_orgasm.users_management.models.User@46376ad7
Generated user: com.fake_orgasm.users_management.models.User@183a69e7
Generated user: com.fake_orgasm.users_management.models.User@7cdc1d78
Generated user: com.fake_orgasm.users_management.models.User@2f1f16b5
Generated user: com.fake_orgasm.users_management.models.User@2490a8c5
Generated user: com.fake_orgasm.users_management.models.User@4cd3c815
Generated user: com.fake_orgasm.users_management.models.User@3779b534
Generated user: com.fake_orgasm.users_management.models.User@475e0b11
Generated user: com.fake_orgasm.users_management.models.User@365f3e22
User data generation completed.
]]></system-out>
  <system-err><![CDATA[]]></system-err>
</testsuite>
