<?xml version="1.0" encoding="UTF-8"?>
<testsuite name="com.fake_orgasm.generator.user_generator.name_generation.ShiftingBehaviourTest" tests="1" skipped="0" failures="0" errors="0" timestamp="2023-09-07T13:59:33" hostname="fundalap-nh81" time="0.086">
  <properties/>
  <testcase name="checkGenerationGoal()" classname="com.fake_orgasm.generator.user_generator.name_generation.ShiftingBehaviourTest" time="0.086"/>
  <system-out><![CDATA[]]></system-out>
  <system-err><![CDATA[]]></system-err>
</testsuite>
