<?xml version="1.0" encoding="UTF-8"?>
<testsuite name="com.fake_orgasm.generator.utils.ResourcesIntegrityTest" tests="1" skipped="0" failures="0" errors="0" timestamp="2023-09-07T13:59:33" hostname="fundalap-nh81" time="0.002">
  <properties/>
  <testcase name="filesIntegrity()" classname="com.fake_orgasm.generator.utils.ResourcesIntegrityTest" time="0.002"/>
  <system-out><![CDATA[]]></system-out>
  <system-err><![CDATA[]]></system-err>
</testsuite>
