<?xml version="1.0" encoding="UTF-8"?>
<testsuite name="com.fake_orgasm.btree.UtilsTest" tests="4" skipped="0" failures="0" errors="0" timestamp="2023-09-07T13:59:27" hostname="fundalap-nh81" time="0.005">
  <properties/>
  <testcase name="testGetIndexToInsertEmptyList()" classname="com.fake_orgasm.btree.UtilsTest" time="0.001"/>
  <testcase name="testGetIndexToInsertDuplicateElements()" classname="com.fake_orgasm.btree.UtilsTest" time="0.001"/>
  <testcase name="testGetIndexToInsert()" classname="com.fake_orgasm.btree.UtilsTest" time="0.0"/>
  <testcase name="testBinarySearch()" classname="com.fake_orgasm.btree.UtilsTest" time="0.0"/>
  <system-out><![CDATA[]]></system-out>
  <system-err><![CDATA[]]></system-err>
</testsuite>
