<?xml version="1.0" encoding="UTF-8"?>
<testsuite name="com.fake_orgasm.btree.BTreeSearchTest" tests="4" skipped="0" failures="0" errors="0" timestamp="2023-09-07T13:59:25" hostname="fundalap-nh81" time="0.036">
  <properties/>
  <testcase name="testSearchExistingKey()" classname="com.fake_orgasm.btree.BTreeSearchTest" time="0.003"/>
  <testcase name="testSearchKeyAfterInsert()" classname="com.fake_orgasm.btree.BTreeSearchTest" time="0.003"/>
  <testcase name="testSearchNonExistingKey()" classname="com.fake_orgasm.btree.BTreeSearchTest" time="0.005"/>
  <testcase name="testSearchKeyInEmptyTree()" classname="com.fake_orgasm.btree.BTreeSearchTest" time="0.006"/>
  <system-out><![CDATA[]]></system-out>
  <system-err><![CDATA[]]></system-err>
</testsuite>
