<?xml version="1.0" encoding="UTF-8"?>
<testsuite name="com.fake_orgasm.UserTest" tests="1" skipped="0" failures="0" errors="0" timestamp="2023-09-07T13:59:24" hostname="fundalap-nh81" time="0.004">
  <properties/>
  <testcase name="compareToTest()" classname="com.fake_orgasm.UserTest" time="0.004"/>
  <system-out><![CDATA[]]></system-out>
  <system-err><![CDATA[]]></system-err>
</testsuite>
