<?xml version="1.0" encoding="UTF-8"?>
<testsuite name="com.fake_orgasm.btree.BTreeDeleteTest" tests="2" skipped="0" failures="0" errors="0" timestamp="2023-09-07T13:59:25" hostname="fundalap-nh81" time="0.01">
  <properties/>
  <testcase name="simpleDeleteCase()" classname="com.fake_orgasm.btree.BTreeDeleteTest" time="0.005"/>
  <testcase name="largeSplitCase()" classname="com.fake_orgasm.btree.BTreeDeleteTest" time="0.002"/>
  <system-out><![CDATA[]]></system-out>
  <system-err><![CDATA[]]></system-err>
</testsuite>
