<?xml version="1.0" encoding="UTF-8"?>
<testsuite name="com.fake_orgasm.book_flight.TicketsPriorityTest" tests="1" skipped="0" failures="0" errors="0" timestamp="2023-09-07T13:59:25" hostname="fundalap-nh81" time="0.029">
  <properties/>
  <testcase name="orderPriorityTest()" classname="com.fake_orgasm.book_flight.TicketsPriorityTest" time="0.029"/>
  <system-out><![CDATA[]]></system-out>
  <system-err><![CDATA[]]></system-err>
</testsuite>
