<?xml version="1.0" encoding="UTF-8"?>
<testsuite name="com.fake_orgasm.btree.BTreeInsertTest" tests="3" skipped="0" failures="0" errors="0" timestamp="2023-09-07T13:59:25" hostname="fundalap-nh81" time="0.025">
  <properties/>
  <testcase name="testInsertSingleNode()" classname="com.fake_orgasm.btree.BTreeInsertTest" time="0.003"/>
  <testcase name="testInsertMultipleNodes()" classname="com.fake_orgasm.btree.BTreeInsertTest" time="0.009"/>
  <testcase name="basicSplitInsertCase()" classname="com.fake_orgasm.btree.BTreeInsertTest" time="0.003"/>
  <system-out><![CDATA[]]></system-out>
  <system-err><![CDATA[]]></system-err>
</testsuite>
