<?xml version="1.0" encoding="UTF-8"?>
<testsuite name="com.fake_orgasm.generator.utils.FileReaderTest" tests="1" skipped="0" failures="0" errors="0" timestamp="2023-09-07T13:59:33" hostname="fundalap-nh81" time="0.001">
  <properties/>
  <testcase name="readLinesIntegrity()" classname="com.fake_orgasm.generator.utils.FileReaderTest" time="0.001"/>
  <system-out><![CDATA[]]></system-out>
  <system-err><![CDATA[]]></system-err>
</testsuite>
