<?xml version="1.0" encoding="UTF-8"?>
<testsuite name="com.fake_orgasm.generator.flight_generator.RandomLineReaderTest" tests="2" skipped="0" failures="0" errors="0" timestamp="2023-09-07T13:59:28" hostname="fundalap-nh81" time="0.021">
  <properties/>
  <testcase name="fileLoadedWithThreads()" classname="com.fake_orgasm.generator.flight_generator.RandomLineReaderTest" time="0.013"/>
  <testcase name="getNotNullLineRandomly()" classname="com.fake_orgasm.generator.flight_generator.RandomLineReaderTest" time="0.007"/>
  <system-out><![CDATA[]]></system-out>
  <system-err><![CDATA[]]></system-err>
</testsuite>
