<?xml version="1.0" encoding="UTF-8"?>
<testsuite name="com.fake_orgasm.btree.BTreeExceptions" tests="3" skipped="0" failures="0" errors="0" timestamp="2023-09-07T13:59:25" hostname="fundalap-nh81" time="0.024">
  <properties/>
  <testcase name="testDeleteNullKeyThrowsException()" classname="com.fake_orgasm.btree.BTreeExceptions" time="0.011"/>
  <testcase name="testInsertNullKeyThrowsException()" classname="com.fake_orgasm.btree.BTreeExceptions" time="0.009"/>
  <testcase name="testInvalidOrderThrowsException()" classname="com.fake_orgasm.btree.BTreeExceptions" time="0.002"/>
  <system-out><![CDATA[]]></system-out>
  <system-err><![CDATA[]]></system-err>
</testsuite>
