<?xml version="1.0" encoding="UTF-8"?>
<testsuite name="com.fake_orgasm.generator.flight_generator.FlightGeneratorHandlerTest" tests="2" skipped="0" failures="0" errors="0" timestamp="2023-09-07T13:59:27" hostname="fundalap-nh81" time="0.956">
  <properties/>
  <testcase name="generateAndDelete()" classname="com.fake_orgasm.generator.flight_generator.FlightGeneratorHandlerTest" time="0.929"/>
  <testcase name="generateFlightsTest()" classname="com.fake_orgasm.generator.flight_generator.FlightGeneratorHandlerTest" time="0.026"/>
  <system-out><![CDATA[
--------------------------------------------------AIRPORTS--------------------------------------------------

(id - baef8568-0ac0-4592-86bf-470b4a286458) - Dulles Tucson Airport -> Guyana -  Linden
(id - bc7df089-66b7-47e5-920d-ce8b99719022) - Dayton Memphis Airport -> Argentina -  Buenos Aires
(id - c4ed4763-7d04-4adb-ba35-af772e5a53e4) - Toledo Spokane Airport -> United Kingdom -  Scotland
(id - ff35a123-b039-44dd-b949-c0fafb35023b) - Burbank Heathrow Airport -> Peru -  Cusco
(id - 1157fbc2-88bb-4250-9572-6560fd420e3b) - Madison Raleigh Airport -> Dominican Republic -  Punta Cana
(id - ac583718-ecca-4628-9462-c6a2d792937b) - Spokane Burbank Airport -> Bolivia -  Potosi
(id - 7b3a1276-8f0a-4713-85b5-d05e76ffa51c) - Oakland Oakland Airport -> Argentina -  Buenos Aires
(id - 8b6b0259-bfb3-4370-8a08-1219c21fbc26) - Akron Dallas Airport -> Mexico -  Jalisco

--------------------------------------------------FLIGHTS--------------------------------------------------

~~~~~~~~~~~~~~~~~~~~~~~~~~~~~~~~~~~~~~~~~~~~~~~~~~~~~~~~~~~~~~~~~~~~~~~~~~~~~~~~~~~~~~~~~~~~~~~~~~~~

Size: 14 - (id - ade62b3b-86b6-49e0-aace-370eefb3815b) - 2023-11-18 - 242 - true
Source: (id - ) - Toledo Spokane Airport -> United Kingdom -  Scotland
Destination: (id - ) - Akron Dallas Airport -> Mexico -  JaliscoTickets: 

(2 - Vip) - (id - 34ea0a48-fcb7-4ddf-a0dc-60f8b2ad743f)
Previous: 792fa8c3-c069-480c-87e1-c3425c9977e3
Next: 5296db4c-d1a7-410d-a3d8-f484f0663fd7

(3 - Vip) - (id - 5296db4c-d1a7-410d-a3d8-f484f0663fd7)
Previous: 34ea0a48-fcb7-4ddf-a0dc-60f8b2ad743f
Next: 7e53cb66-0517-4436-864a-1164836bf648

(13 - Vip) - (id - f518a277-8fc1-4309-b3aa-570bf9fd4ed3)
Previous: 3b787133-8c0a-4bce-9898-56a54b38a645
Next: 25bee412-5476-4464-8e2e-83c8bf315f90

(4 - Frequent passenger) - (id - 7e53cb66-0517-4436-864a-1164836bf648)
Previous: 5296db4c-d1a7-410d-a3d8-f484f0663fd7
Next: d49dcba8-273e-4d06-b77e-c84c384af2c1

(5 - Frequent passenger) - (id - d49dcba8-273e-4d06-b77e-c84c384af2c1)
Previous: 7e53cb66-0517-4436-864a-1164836bf648
Next: cc63e5d3-3593-4106-934a-ab4c759bb7d7

(8 - Frequent passenger) - (id - 6cf39411-13a4-4985-941d-3db72086bec2)
Previous: b0ed2966-c012-4a73-9ef8-cdcdf4c96446
Next: 9aa77ae9-496f-4821-a047-ebe7e1037c54

(9 - Frequent passenger) - (id - 9aa77ae9-496f-4821-a047-ebe7e1037c54)
Previous: 6cf39411-13a4-4985-941d-3db72086bec2
Next: 3995bf33-f606-4b30-9c9a-a26a4a456030

(12 - Frequent passenger) - (id - 3b787133-8c0a-4bce-9898-56a54b38a645)
Previous: 23e13f7c-f23c-43fe-b421-be052750fd6e
Next: f518a277-8fc1-4309-b3aa-570bf9fd4ed3

(14 - Frequent passenger) - (id - 25bee412-5476-4464-8e2e-83c8bf315f90)
Previous: f518a277-8fc1-4309-b3aa-570bf9fd4ed3
Next: 

(1 - Regular passenger) - (id - 792fa8c3-c069-480c-87e1-c3425c9977e3)
Previous: 
Next: 34ea0a48-fcb7-4ddf-a0dc-60f8b2ad743f

(6 - Regular passenger) - (id - cc63e5d3-3593-4106-934a-ab4c759bb7d7)
Previous: d49dcba8-273e-4d06-b77e-c84c384af2c1
Next: b0ed2966-c012-4a73-9ef8-cdcdf4c96446

(7 - Regular passenger) - (id - b0ed2966-c012-4a73-9ef8-cdcdf4c96446)
Previous: cc63e5d3-3593-4106-934a-ab4c759bb7d7
Next: 6cf39411-13a4-4985-941d-3db72086bec2

(10 - Regular passenger) - (id - 3995bf33-f606-4b30-9c9a-a26a4a456030)
Previous: 9aa77ae9-496f-4821-a047-ebe7e1037c54
Next: 23e13f7c-f23c-43fe-b421-be052750fd6e

(11 - Regular passenger) - (id - 23e13f7c-f23c-43fe-b421-be052750fd6e)
Previous: 3995bf33-f606-4b30-9c9a-a26a4a456030
Next: 3b787133-8c0a-4bce-9898-56a54b38a645

~~~~~~~~~~~~~~~~~~~~~~~~~~~~~~~~~~~~~~~~~~~~~~~~~~~~~~~~~~~~~~~~~~~~~~~~~~~~~~~~~~~~~~~~~~~~~~~~~~~~

Size: 6 - (id - 25b01474-5c6c-4777-a321-2db96a1dfefc) - 2023-09-09 - 402 - true
Source: (id - ) - Madison Raleigh Airport -> Dominican Republic -  Punta Cana
Destination: (id - ) - Burbank Heathrow Airport -> Peru -  CuscoTickets: 

(2 - Vip) - (id - 2c5638af-396f-4e78-92dc-fa04104501db)
Previous: c717ae94-4b34-4006-9ed4-6cd81ca0e59b
Next: 17fcdb23-34ea-4b39-ba9e-adb6708f2d8f

(4 - Vip) - (id - c81609aa-e66d-48c7-b8c0-ce5dd38b9f7f)
Previous: 17fcdb23-34ea-4b39-ba9e-adb6708f2d8f
Next: 65ac2d27-f23d-4da5-b582-544960bd4a70

(5 - Vip) - (id - 65ac2d27-f23d-4da5-b582-544960bd4a70)
Previous: c81609aa-e66d-48c7-b8c0-ce5dd38b9f7f
Next: bd493cf8-6879-440e-871c-ae42cf7898a1

(6 - Vip) - (id - bd493cf8-6879-440e-871c-ae42cf7898a1)
Previous: 65ac2d27-f23d-4da5-b582-544960bd4a70
Next: 

(1 - Frequent passenger) - (id - c717ae94-4b34-4006-9ed4-6cd81ca0e59b)
Previous: 
Next: 2c5638af-396f-4e78-92dc-fa04104501db

(3 - Regular passenger) - (id - 17fcdb23-34ea-4b39-ba9e-adb6708f2d8f)
Previous: 2c5638af-396f-4e78-92dc-fa04104501db
Next: c81609aa-e66d-48c7-b8c0-ce5dd38b9f7f

~~~~~~~~~~~~~~~~~~~~~~~~~~~~~~~~~~~~~~~~~~~~~~~~~~~~~~~~~~~~~~~~~~~~~~~~~~~~~~~~~~~~~~~~~~~~~~~~~~~~

Size: 8 - (id - 6b234733-86c9-4a61-9e98-c4ecc0b31e27) - 2023-10-09 - 191 - true
Source: (id - ) - Akron Dallas Airport -> Mexico -  Jalisco
Destination: (id - ) - Madison Raleigh Airport -> Dominican Republic -  Punta CanaTickets: 

(3 - Vip) - (id - e27c517c-8e3e-4937-9c81-33ba4dd0722a)
Previous: 32065092-50da-4166-834c-2ee6aaa845ea
Next: a36c5404-54ac-4e07-a342-8114d1950378

(8 - Vip) - (id - 3833504a-2b66-433d-99df-789591a4c410)
Previous: e9181fdf-241d-4963-8e5f-23540a3162d0
Next: 

(1 - Frequent passenger) - (id - 499aa297-d4b2-4002-b5c0-0e208c758f1a)
Previous: 
Next: 32065092-50da-4166-834c-2ee6aaa845ea

(4 - Frequent passenger) - (id - a36c5404-54ac-4e07-a342-8114d1950378)
Previous: e27c517c-8e3e-4937-9c81-33ba4dd0722a
Next: a967171c-d140-4a08-95e2-93aed0fbef53

(6 - Frequent passenger) - (id - 4b8027d7-dba9-41b3-a6a0-01e0691c5374)
Previous: a967171c-d140-4a08-95e2-93aed0fbef53
Next: e9181fdf-241d-4963-8e5f-23540a3162d0

(2 - Regular passenger) - (id - 32065092-50da-4166-834c-2ee6aaa845ea)
Previous: 499aa297-d4b2-4002-b5c0-0e208c758f1a
Next: e27c517c-8e3e-4937-9c81-33ba4dd0722a

(5 - Regular passenger) - (id - a967171c-d140-4a08-95e2-93aed0fbef53)
Previous: a36c5404-54ac-4e07-a342-8114d1950378
Next: 4b8027d7-dba9-41b3-a6a0-01e0691c5374

(7 - Regular passenger) - (id - e9181fdf-241d-4963-8e5f-23540a3162d0)
Previous: 4b8027d7-dba9-41b3-a6a0-01e0691c5374
Next: 3833504a-2b66-433d-99df-789591a4c410

~~~~~~~~~~~~~~~~~~~~~~~~~~~~~~~~~~~~~~~~~~~~~~~~~~~~~~~~~~~~~~~~~~~~~~~~~~~~~~~~~~~~~~~~~~~~~~~~~~~~

Size: 7 - (id - 39743f57-eaf5-487e-9b66-c0ddf544bc63) - 2023-09-21 - 274 - true
Source: (id - ) - Oakland Oakland Airport -> Argentina -  Buenos Aires
Destination: (id - ) - Dulles Tucson Airport -> Guyana -  LindenTickets: 

(4 - Vip) - (id - 88ece5fb-4730-455b-8b57-01bd60c01fa5)
Previous: 7e97cc38-4f6c-48c1-b80b-059bdde25820
Next: e3d0f02c-f257-45cc-8e90-9ad3461566e3

(7 - Vip) - (id - 56a55b40-6c1e-40b9-8df4-1afb1a4afc64)
Previous: 13e19b0a-8dd8-4e76-a0e9-ddf576d8b83d
Next: 

(1 - Frequent passenger) - (id - fd9297e0-4eff-42b9-a977-fa2dc4432621)
Previous: 
Next: b9aab914-7d51-41ef-a1c6-fdb8f571b175

(5 - Frequent passenger) - (id - e3d0f02c-f257-45cc-8e90-9ad3461566e3)
Previous: 88ece5fb-4730-455b-8b57-01bd60c01fa5
Next: 13e19b0a-8dd8-4e76-a0e9-ddf576d8b83d

(6 - Frequent passenger) - (id - 13e19b0a-8dd8-4e76-a0e9-ddf576d8b83d)
Previous: e3d0f02c-f257-45cc-8e90-9ad3461566e3
Next: 56a55b40-6c1e-40b9-8df4-1afb1a4afc64

(2 - Regular passenger) - (id - b9aab914-7d51-41ef-a1c6-fdb8f571b175)
Previous: fd9297e0-4eff-42b9-a977-fa2dc4432621
Next: 7e97cc38-4f6c-48c1-b80b-059bdde25820

(3 - Regular passenger) - (id - 7e97cc38-4f6c-48c1-b80b-059bdde25820)
Previous: b9aab914-7d51-41ef-a1c6-fdb8f571b175
Next: 88ece5fb-4730-455b-8b57-01bd60c01fa5

~~~~~~~~~~~~~~~~~~~~~~~~~~~~~~~~~~~~~~~~~~~~~~~~~~~~~~~~~~~~~~~~~~~~~~~~~~~~~~~~~~~~~~~~~~~~~~~~~~~~

Size: 9 - (id - ea281181-52eb-4375-beaf-d0dbca13d43e) - 2023-11-08 - 141 - true
Source: (id - ) - Burbank Heathrow Airport -> Peru -  Cusco
Destination: (id - ) - Toledo Spokane Airport -> United Kingdom -  ScotlandTickets: 

(2 - Vip) - (id - 7ee3dc4b-edef-4be1-8a5b-9aaddf5e23b3)
Previous: 43a67cbb-2486-45f3-910e-2200a46b5eda
Next: 473d1fa2-3a8c-4c12-9ccc-9a1be0253eeb

(3 - Vip) - (id - 473d1fa2-3a8c-4c12-9ccc-9a1be0253eeb)
Previous: 7ee3dc4b-edef-4be1-8a5b-9aaddf5e23b3
Next: f113cdf9-dd4a-4ddf-a77e-4512182d4481

(5 - Vip) - (id - dea458e2-bacf-4572-aa2a-de5c9ebc4198)
Previous: f113cdf9-dd4a-4ddf-a77e-4512182d4481
Next: 6dfcc20b-4296-4f55-9a89-e9659a4e3224

(8 - Vip) - (id - 80d4218d-4d8e-4b23-9ad9-f9f89e2a7e1c)
Previous: 5ede115b-7506-42a5-8ee7-8f436f4712aa
Next: 6297270e-e0cd-4717-8c19-1a6c8a211b4c

(1 - Frequent passenger) - (id - 43a67cbb-2486-45f3-910e-2200a46b5eda)
Previous: 
Next: 7ee3dc4b-edef-4be1-8a5b-9aaddf5e23b3

(4 - Frequent passenger) - (id - f113cdf9-dd4a-4ddf-a77e-4512182d4481)
Previous: 473d1fa2-3a8c-4c12-9ccc-9a1be0253eeb
Next: dea458e2-bacf-4572-aa2a-de5c9ebc4198

(7 - Frequent passenger) - (id - 5ede115b-7506-42a5-8ee7-8f436f4712aa)
Previous: 6dfcc20b-4296-4f55-9a89-e9659a4e3224
Next: 80d4218d-4d8e-4b23-9ad9-f9f89e2a7e1c

(9 - Frequent passenger) - (id - 6297270e-e0cd-4717-8c19-1a6c8a211b4c)
Previous: 80d4218d-4d8e-4b23-9ad9-f9f89e2a7e1c
Next: 

(6 - Regular passenger) - (id - 6dfcc20b-4296-4f55-9a89-e9659a4e3224)
Previous: dea458e2-bacf-4572-aa2a-de5c9ebc4198
Next: 5ede115b-7506-42a5-8ee7-8f436f4712aa

~~~~~~~~~~~~~~~~~~~~~~~~~~~~~~~~~~~~~~~~~~~~~~~~~~~~~~~~~~~~~~~~~~~~~~~~~~~~~~~~~~~~~~~~~~~~~~~~~~~~

Size: 15 - (id - 9f23b87c-4239-480b-a968-8505c7b84712) - 2023-09-24 - 222 - true
Source: (id - ) - Dulles Tucson Airport -> Guyana -  Linden
Destination: (id - ) - Burbank Heathrow Airport -> Peru -  CuscoTickets: 

(2 - Vip) - (id - 91f49afd-6006-4685-a511-8e6983998c2b)
Previous: 116b4c60-202f-4656-9f68-9d95318e1ebb
Next: 241cc3fb-d5cb-468b-981b-084ed9742764

(3 - Vip) - (id - 241cc3fb-d5cb-468b-981b-084ed9742764)
Previous: 91f49afd-6006-4685-a511-8e6983998c2b
Next: 92d083bc-0f48-4b7a-8e9e-df52f74c1e86

(4 - Vip) - (id - 92d083bc-0f48-4b7a-8e9e-df52f74c1e86)
Previous: 241cc3fb-d5cb-468b-981b-084ed9742764
Next: 6209a4da-e5d1-49c8-88d8-9256fb0426cf

(11 - Vip) - (id - 6afa00ca-6955-4b91-8fc1-10480962153d)
Previous: 3fc998d0-d3a3-45a9-87f6-83d3ace47f72
Next: a16a9f07-25f0-40e4-aff2-f57e0cfee447

(12 - Vip) - (id - a16a9f07-25f0-40e4-aff2-f57e0cfee447)
Previous: 6afa00ca-6955-4b91-8fc1-10480962153d
Next: 62838af2-9ecc-46b2-b930-243eb8294fdc

(15 - Vip) - (id - f4637855-7a8a-48da-b884-f12c8b24c5d0)
Previous: 98e49bd0-f0b9-4e30-bbea-71a85b97078c
Next: 

(1 - Frequent passenger) - (id - 116b4c60-202f-4656-9f68-9d95318e1ebb)
Previous: 
Next: 91f49afd-6006-4685-a511-8e6983998c2b

(6 - Frequent passenger) - (id - 2138bbc2-57fd-4396-8940-6364c2dacbbb)
Previous: 6209a4da-e5d1-49c8-88d8-9256fb0426cf
Next: 89e0d997-1aff-4c85-b983-a6b8a96280f5

(8 - Frequent passenger) - (id - 7998ca21-001f-4e55-9940-81e4a8e63184)
Previous: 89e0d997-1aff-4c85-b983-a6b8a96280f5
Next: 4b7943c7-0b11-4c0e-9471-a8ec6d659c9d

(9 - Frequent passenger) - (id - 4b7943c7-0b11-4c0e-9471-a8ec6d659c9d)
Previous: 7998ca21-001f-4e55-9940-81e4a8e63184
Next: 3fc998d0-d3a3-45a9-87f6-83d3ace47f72

(13 - Frequent passenger) - (id - 62838af2-9ecc-46b2-b930-243eb8294fdc)
Previous: a16a9f07-25f0-40e4-aff2-f57e0cfee447
Next: 98e49bd0-f0b9-4e30-bbea-71a85b97078c

(5 - Regular passenger) - (id - 6209a4da-e5d1-49c8-88d8-9256fb0426cf)
Previous: 92d083bc-0f48-4b7a-8e9e-df52f74c1e86
Next: 2138bbc2-57fd-4396-8940-6364c2dacbbb

(7 - Regular passenger) - (id - 89e0d997-1aff-4c85-b983-a6b8a96280f5)
Previous: 2138bbc2-57fd-4396-8940-6364c2dacbbb
Next: 7998ca21-001f-4e55-9940-81e4a8e63184

(10 - Regular passenger) - (id - 3fc998d0-d3a3-45a9-87f6-83d3ace47f72)
Previous: 4b7943c7-0b11-4c0e-9471-a8ec6d659c9d
Next: 6afa00ca-6955-4b91-8fc1-10480962153d

(14 - Regular passenger) - (id - 98e49bd0-f0b9-4e30-bbea-71a85b97078c)
Previous: 62838af2-9ecc-46b2-b930-243eb8294fdc
Next: f4637855-7a8a-48da-b884-f12c8b24c5d0

~~~~~~~~~~~~~~~~~~~~~~~~~~~~~~~~~~~~~~~~~~~~~~~~~~~~~~~~~~~~~~~~~~~~~~~~~~~~~~~~~~~~~~~~~~~~~~~~~~~~

Size: 11 - (id - bdcf6dd8-dfa6-40bb-82a7-664ddbb408af) - 2023-09-22 - 480 - true
Source: (id - ) - Akron Dallas Airport -> Mexico -  Jalisco
Destination: (id - ) - Dayton Memphis Airport -> Argentina -  Buenos AiresTickets: 

(2 - Vip) - (id - ff6774d1-1dc5-4013-9741-bcd6dfcdeddb)
Previous: 5172a93e-d6ba-4b75-ba71-3d60295b3ae4
Next: 3bea6a51-55f3-4195-8032-0a60e7d38a84

(9 - Vip) - (id - 24f8163b-c484-4ed3-9f26-6d5b3fb509c6)
Previous: a9e580ab-0131-4d73-b8db-d7ae36e42791
Next: bd146e98-cdad-4488-a1e5-a38b714aa321

(10 - Vip) - (id - bd146e98-cdad-4488-a1e5-a38b714aa321)
Previous: 24f8163b-c484-4ed3-9f26-6d5b3fb509c6
Next: 3b3553ad-3f6f-4853-af3a-ce4c227ff397

(1 - Frequent passenger) - (id - 5172a93e-d6ba-4b75-ba71-3d60295b3ae4)
Previous: 
Next: ff6774d1-1dc5-4013-9741-bcd6dfcdeddb

(3 - Frequent passenger) - (id - 3bea6a51-55f3-4195-8032-0a60e7d38a84)
Previous: ff6774d1-1dc5-4013-9741-bcd6dfcdeddb
Next: 2600585c-4f45-4d9d-82ed-08dfcae5ee73

(7 - Frequent passenger) - (id - 90b69a2e-cecc-4303-af17-a4b7f6eb9c12)
Previous: 5238e554-490b-480a-8997-4d56f32ecb5a
Next: a9e580ab-0131-4d73-b8db-d7ae36e42791

(11 - Frequent passenger) - (id - 3b3553ad-3f6f-4853-af3a-ce4c227ff397)
Previous: bd146e98-cdad-4488-a1e5-a38b714aa321
Next: 

(4 - Regular passenger) - (id - 2600585c-4f45-4d9d-82ed-08dfcae5ee73)
Previous: 3bea6a51-55f3-4195-8032-0a60e7d38a84
Next: c50f092d-87fb-4718-84b2-e269cb87b94d

(5 - Regular passenger) - (id - c50f092d-87fb-4718-84b2-e269cb87b94d)
Previous: 2600585c-4f45-4d9d-82ed-08dfcae5ee73
Next: 5238e554-490b-480a-8997-4d56f32ecb5a

(6 - Regular passenger) - (id - 5238e554-490b-480a-8997-4d56f32ecb5a)
Previous: c50f092d-87fb-4718-84b2-e269cb87b94d
Next: 90b69a2e-cecc-4303-af17-a4b7f6eb9c12

(8 - Regular passenger) - (id - a9e580ab-0131-4d73-b8db-d7ae36e42791)
Previous: 90b69a2e-cecc-4303-af17-a4b7f6eb9c12
Next: 24f8163b-c484-4ed3-9f26-6d5b3fb509c6

~~~~~~~~~~~~~~~~~~~~~~~~~~~~~~~~~~~~~~~~~~~~~~~~~~~~~~~~~~~~~~~~~~~~~~~~~~~~~~~~~~~~~~~~~~~~~~~~~~~~

Size: 10 - (id - e74115a2-e62b-4ba5-9967-2792a9a50092) - 2023-11-24 - 275 - true
Source: (id - ) - Dulles Tucson Airport -> Guyana -  Linden
Destination: (id - ) - Akron Dallas Airport -> Mexico -  JaliscoTickets: 

(4 - Vip) - (id - 2fee6873-0064-4ed2-8ce0-f1e3e04bcc67)
Previous: 98d94c28-a225-49b1-926b-dcec865661bc
Next: 77e23384-eef6-4064-94aa-7aa40d10252b

(10 - Vip) - (id - 5e0e8bf9-4159-4ab4-9114-29470b793f43)
Previous: e8edcd5a-6030-4121-a58e-5f3eda9dc0dc
Next: 

(5 - Frequent passenger) - (id - 77e23384-eef6-4064-94aa-7aa40d10252b)
Previous: 2fee6873-0064-4ed2-8ce0-f1e3e04bcc67
Next: e25e4e67-f807-4e7d-a70b-a62b53daab9b

(6 - Frequent passenger) - (id - e25e4e67-f807-4e7d-a70b-a62b53daab9b)
Previous: 77e23384-eef6-4064-94aa-7aa40d10252b
Next: 7ae31456-7b9c-4c43-9286-4af445a79af0

(7 - Frequent passenger) - (id - 7ae31456-7b9c-4c43-9286-4af445a79af0)
Previous: e25e4e67-f807-4e7d-a70b-a62b53daab9b
Next: a166c529-87e2-453b-ae3d-36962fec8fa8

(9 - Frequent passenger) - (id - e8edcd5a-6030-4121-a58e-5f3eda9dc0dc)
Previous: a166c529-87e2-453b-ae3d-36962fec8fa8
Next: 5e0e8bf9-4159-4ab4-9114-29470b793f43

(1 - Regular passenger) - (id - 6e5a0eab-24b8-423f-b6da-fba82b14e6c5)
Previous: 
Next: fea37a68-a381-463a-a46f-b128a8d31bda

(2 - Regular passenger) - (id - fea37a68-a381-463a-a46f-b128a8d31bda)
Previous: 6e5a0eab-24b8-423f-b6da-fba82b14e6c5
Next: 98d94c28-a225-49b1-926b-dcec865661bc

(3 - Regular passenger) - (id - 98d94c28-a225-49b1-926b-dcec865661bc)
Previous: fea37a68-a381-463a-a46f-b128a8d31bda
Next: 2fee6873-0064-4ed2-8ce0-f1e3e04bcc67

(8 - Regular passenger) - (id - a166c529-87e2-453b-ae3d-36962fec8fa8)
Previous: 7ae31456-7b9c-4c43-9286-4af445a79af0
Next: e8edcd5a-6030-4121-a58e-5f3eda9dc0dc


--------------------------------------------------TICKETS--------------------------------------------------


(1 - Frequent passenger) - (id - c717ae94-4b34-4006-9ed4-6cd81ca0e59b)
Previous: 
Next: 2c5638af-396f-4e78-92dc-fa04104501db

(7 - Frequent passenger) - (id - 90b69a2e-cecc-4303-af17-a4b7f6eb9c12)
Previous: 5238e554-490b-480a-8997-4d56f32ecb5a
Next: a9e580ab-0131-4d73-b8db-d7ae36e42791

(8 - Frequent passenger) - (id - 7998ca21-001f-4e55-9940-81e4a8e63184)
Previous: 89e0d997-1aff-4c85-b983-a6b8a96280f5
Next: 4b7943c7-0b11-4c0e-9471-a8ec6d659c9d

(1 - Frequent passenger) - (id - fd9297e0-4eff-42b9-a977-fa2dc4432621)
Previous: 
Next: b9aab914-7d51-41ef-a1c6-fdb8f571b175

(2 - Vip) - (id - 34ea0a48-fcb7-4ddf-a0dc-60f8b2ad743f)
Previous: 792fa8c3-c069-480c-87e1-c3425c9977e3
Next: 5296db4c-d1a7-410d-a3d8-f484f0663fd7

(6 - Regular passenger) - (id - 5238e554-490b-480a-8997-4d56f32ecb5a)
Previous: c50f092d-87fb-4718-84b2-e269cb87b94d
Next: 90b69a2e-cecc-4303-af17-a4b7f6eb9c12

(9 - Frequent passenger) - (id - e8edcd5a-6030-4121-a58e-5f3eda9dc0dc)
Previous: a166c529-87e2-453b-ae3d-36962fec8fa8
Next: 5e0e8bf9-4159-4ab4-9114-29470b793f43

(5 - Vip) - (id - 65ac2d27-f23d-4da5-b582-544960bd4a70)
Previous: c81609aa-e66d-48c7-b8c0-ce5dd38b9f7f
Next: bd493cf8-6879-440e-871c-ae42cf7898a1

(3 - Vip) - (id - 473d1fa2-3a8c-4c12-9ccc-9a1be0253eeb)
Previous: 7ee3dc4b-edef-4be1-8a5b-9aaddf5e23b3
Next: f113cdf9-dd4a-4ddf-a77e-4512182d4481

(3 - Regular passenger) - (id - 7e97cc38-4f6c-48c1-b80b-059bdde25820)
Previous: b9aab914-7d51-41ef-a1c6-fdb8f571b175
Next: 88ece5fb-4730-455b-8b57-01bd60c01fa5

(9 - Frequent passenger) - (id - 9aa77ae9-496f-4821-a047-ebe7e1037c54)
Previous: 6cf39411-13a4-4985-941d-3db72086bec2
Next: 3995bf33-f606-4b30-9c9a-a26a4a456030

(11 - Regular passenger) - (id - 23e13f7c-f23c-43fe-b421-be052750fd6e)
Previous: 3995bf33-f606-4b30-9c9a-a26a4a456030
Next: 3b787133-8c0a-4bce-9898-56a54b38a645

(2 - Regular passenger) - (id - b9aab914-7d51-41ef-a1c6-fdb8f571b175)
Previous: fd9297e0-4eff-42b9-a977-fa2dc4432621
Next: 7e97cc38-4f6c-48c1-b80b-059bdde25820

(1 - Frequent passenger) - (id - 5172a93e-d6ba-4b75-ba71-3d60295b3ae4)
Previous: 
Next: ff6774d1-1dc5-4013-9741-bcd6dfcdeddb

(5 - Regular passenger) - (id - a967171c-d140-4a08-95e2-93aed0fbef53)
Previous: a36c5404-54ac-4e07-a342-8114d1950378
Next: 4b8027d7-dba9-41b3-a6a0-01e0691c5374

(6 - Frequent passenger) - (id - e25e4e67-f807-4e7d-a70b-a62b53daab9b)
Previous: 77e23384-eef6-4064-94aa-7aa40d10252b
Next: 7ae31456-7b9c-4c43-9286-4af445a79af0

(5 - Frequent passenger) - (id - 77e23384-eef6-4064-94aa-7aa40d10252b)
Previous: 2fee6873-0064-4ed2-8ce0-f1e3e04bcc67
Next: e25e4e67-f807-4e7d-a70b-a62b53daab9b

(4 - Vip) - (id - 92d083bc-0f48-4b7a-8e9e-df52f74c1e86)
Previous: 241cc3fb-d5cb-468b-981b-084ed9742764
Next: 6209a4da-e5d1-49c8-88d8-9256fb0426cf

(8 - Regular passenger) - (id - a9e580ab-0131-4d73-b8db-d7ae36e42791)
Previous: 90b69a2e-cecc-4303-af17-a4b7f6eb9c12
Next: 24f8163b-c484-4ed3-9f26-6d5b3fb509c6

(1 - Regular passenger) - (id - 6e5a0eab-24b8-423f-b6da-fba82b14e6c5)
Previous: 
Next: fea37a68-a381-463a-a46f-b128a8d31bda

(11 - Frequent passenger) - (id - 3b3553ad-3f6f-4853-af3a-ce4c227ff397)
Previous: bd146e98-cdad-4488-a1e5-a38b714aa321
Next: 

(8 - Vip) - (id - 80d4218d-4d8e-4b23-9ad9-f9f89e2a7e1c)
Previous: 5ede115b-7506-42a5-8ee7-8f436f4712aa
Next: 6297270e-e0cd-4717-8c19-1a6c8a211b4c

(7 - Regular passenger) - (id - e9181fdf-241d-4963-8e5f-23540a3162d0)
Previous: 4b8027d7-dba9-41b3-a6a0-01e0691c5374
Next: 3833504a-2b66-433d-99df-789591a4c410

(7 - Frequent passenger) - (id - 7ae31456-7b9c-4c43-9286-4af445a79af0)
Previous: e25e4e67-f807-4e7d-a70b-a62b53daab9b
Next: a166c529-87e2-453b-ae3d-36962fec8fa8

(2 - Vip) - (id - 2c5638af-396f-4e78-92dc-fa04104501db)
Previous: c717ae94-4b34-4006-9ed4-6cd81ca0e59b
Next: 17fcdb23-34ea-4b39-ba9e-adb6708f2d8f

(6 - Regular passenger) - (id - cc63e5d3-3593-4106-934a-ab4c759bb7d7)
Previous: d49dcba8-273e-4d06-b77e-c84c384af2c1
Next: b0ed2966-c012-4a73-9ef8-cdcdf4c96446

(10 - Vip) - (id - bd146e98-cdad-4488-a1e5-a38b714aa321)
Previous: 24f8163b-c484-4ed3-9f26-6d5b3fb509c6
Next: 3b3553ad-3f6f-4853-af3a-ce4c227ff397

(14 - Frequent passenger) - (id - 25bee412-5476-4464-8e2e-83c8bf315f90)
Previous: f518a277-8fc1-4309-b3aa-570bf9fd4ed3
Next: 

(8 - Vip) - (id - 3833504a-2b66-433d-99df-789591a4c410)
Previous: e9181fdf-241d-4963-8e5f-23540a3162d0
Next: 

(4 - Vip) - (id - c81609aa-e66d-48c7-b8c0-ce5dd38b9f7f)
Previous: 17fcdb23-34ea-4b39-ba9e-adb6708f2d8f
Next: 65ac2d27-f23d-4da5-b582-544960bd4a70

(6 - Frequent passenger) - (id - 2138bbc2-57fd-4396-8940-6364c2dacbbb)
Previous: 6209a4da-e5d1-49c8-88d8-9256fb0426cf
Next: 89e0d997-1aff-4c85-b983-a6b8a96280f5

(3 - Frequent passenger) - (id - 3bea6a51-55f3-4195-8032-0a60e7d38a84)
Previous: ff6774d1-1dc5-4013-9741-bcd6dfcdeddb
Next: 2600585c-4f45-4d9d-82ed-08dfcae5ee73

(1 - Frequent passenger) - (id - 499aa297-d4b2-4002-b5c0-0e208c758f1a)
Previous: 
Next: 32065092-50da-4166-834c-2ee6aaa845ea

(5 - Frequent passenger) - (id - d49dcba8-273e-4d06-b77e-c84c384af2c1)
Previous: 7e53cb66-0517-4436-864a-1164836bf648
Next: cc63e5d3-3593-4106-934a-ab4c759bb7d7

(5 - Regular passenger) - (id - c50f092d-87fb-4718-84b2-e269cb87b94d)
Previous: 2600585c-4f45-4d9d-82ed-08dfcae5ee73
Next: 5238e554-490b-480a-8997-4d56f32ecb5a

(14 - Regular passenger) - (id - 98e49bd0-f0b9-4e30-bbea-71a85b97078c)
Previous: 62838af2-9ecc-46b2-b930-243eb8294fdc
Next: f4637855-7a8a-48da-b884-f12c8b24c5d0

(1 - Frequent passenger) - (id - 116b4c60-202f-4656-9f68-9d95318e1ebb)
Previous: 
Next: 91f49afd-6006-4685-a511-8e6983998c2b

(11 - Vip) - (id - 6afa00ca-6955-4b91-8fc1-10480962153d)
Previous: 3fc998d0-d3a3-45a9-87f6-83d3ace47f72
Next: a16a9f07-25f0-40e4-aff2-f57e0cfee447

(1 - Frequent passenger) - (id - 43a67cbb-2486-45f3-910e-2200a46b5eda)
Previous: 
Next: 7ee3dc4b-edef-4be1-8a5b-9aaddf5e23b3

(9 - Frequent passenger) - (id - 6297270e-e0cd-4717-8c19-1a6c8a211b4c)
Previous: 80d4218d-4d8e-4b23-9ad9-f9f89e2a7e1c
Next: 

(7 - Regular passenger) - (id - b0ed2966-c012-4a73-9ef8-cdcdf4c96446)
Previous: cc63e5d3-3593-4106-934a-ab4c759bb7d7
Next: 6cf39411-13a4-4985-941d-3db72086bec2

(6 - Frequent passenger) - (id - 4b8027d7-dba9-41b3-a6a0-01e0691c5374)
Previous: a967171c-d140-4a08-95e2-93aed0fbef53
Next: e9181fdf-241d-4963-8e5f-23540a3162d0

(7 - Vip) - (id - 56a55b40-6c1e-40b9-8df4-1afb1a4afc64)
Previous: 13e19b0a-8dd8-4e76-a0e9-ddf576d8b83d
Next: 

(6 - Frequent passenger) - (id - 13e19b0a-8dd8-4e76-a0e9-ddf576d8b83d)
Previous: e3d0f02c-f257-45cc-8e90-9ad3461566e3
Next: 56a55b40-6c1e-40b9-8df4-1afb1a4afc64

(15 - Vip) - (id - f4637855-7a8a-48da-b884-f12c8b24c5d0)
Previous: 98e49bd0-f0b9-4e30-bbea-71a85b97078c
Next: 

(2 - Vip) - (id - 7ee3dc4b-edef-4be1-8a5b-9aaddf5e23b3)
Previous: 43a67cbb-2486-45f3-910e-2200a46b5eda
Next: 473d1fa2-3a8c-4c12-9ccc-9a1be0253eeb

(2 - Regular passenger) - (id - fea37a68-a381-463a-a46f-b128a8d31bda)
Previous: 6e5a0eab-24b8-423f-b6da-fba82b14e6c5
Next: 98d94c28-a225-49b1-926b-dcec865661bc

(7 - Regular passenger) - (id - 89e0d997-1aff-4c85-b983-a6b8a96280f5)
Previous: 2138bbc2-57fd-4396-8940-6364c2dacbbb
Next: 7998ca21-001f-4e55-9940-81e4a8e63184

(6 - Regular passenger) - (id - 6dfcc20b-4296-4f55-9a89-e9659a4e3224)
Previous: dea458e2-bacf-4572-aa2a-de5c9ebc4198
Next: 5ede115b-7506-42a5-8ee7-8f436f4712aa

(12 - Frequent passenger) - (id - 3b787133-8c0a-4bce-9898-56a54b38a645)
Previous: 23e13f7c-f23c-43fe-b421-be052750fd6e
Next: f518a277-8fc1-4309-b3aa-570bf9fd4ed3

(2 - Vip) - (id - 91f49afd-6006-4685-a511-8e6983998c2b)
Previous: 116b4c60-202f-4656-9f68-9d95318e1ebb
Next: 241cc3fb-d5cb-468b-981b-084ed9742764

(4 - Vip) - (id - 2fee6873-0064-4ed2-8ce0-f1e3e04bcc67)
Previous: 98d94c28-a225-49b1-926b-dcec865661bc
Next: 77e23384-eef6-4064-94aa-7aa40d10252b

(5 - Frequent passenger) - (id - e3d0f02c-f257-45cc-8e90-9ad3461566e3)
Previous: 88ece5fb-4730-455b-8b57-01bd60c01fa5
Next: 13e19b0a-8dd8-4e76-a0e9-ddf576d8b83d

(13 - Frequent passenger) - (id - 62838af2-9ecc-46b2-b930-243eb8294fdc)
Previous: a16a9f07-25f0-40e4-aff2-f57e0cfee447
Next: 98e49bd0-f0b9-4e30-bbea-71a85b97078c

(4 - Frequent passenger) - (id - a36c5404-54ac-4e07-a342-8114d1950378)
Previous: e27c517c-8e3e-4937-9c81-33ba4dd0722a
Next: a967171c-d140-4a08-95e2-93aed0fbef53

(3 - Vip) - (id - e27c517c-8e3e-4937-9c81-33ba4dd0722a)
Previous: 32065092-50da-4166-834c-2ee6aaa845ea
Next: a36c5404-54ac-4e07-a342-8114d1950378

(10 - Regular passenger) - (id - 3995bf33-f606-4b30-9c9a-a26a4a456030)
Previous: 9aa77ae9-496f-4821-a047-ebe7e1037c54
Next: 23e13f7c-f23c-43fe-b421-be052750fd6e

(1 - Regular passenger) - (id - 792fa8c3-c069-480c-87e1-c3425c9977e3)
Previous: 
Next: 34ea0a48-fcb7-4ddf-a0dc-60f8b2ad743f

(2 - Vip) - (id - ff6774d1-1dc5-4013-9741-bcd6dfcdeddb)
Previous: 5172a93e-d6ba-4b75-ba71-3d60295b3ae4
Next: 3bea6a51-55f3-4195-8032-0a60e7d38a84

(4 - Frequent passenger) - (id - 7e53cb66-0517-4436-864a-1164836bf648)
Previous: 5296db4c-d1a7-410d-a3d8-f484f0663fd7
Next: d49dcba8-273e-4d06-b77e-c84c384af2c1

(8 - Regular passenger) - (id - a166c529-87e2-453b-ae3d-36962fec8fa8)
Previous: 7ae31456-7b9c-4c43-9286-4af445a79af0
Next: e8edcd5a-6030-4121-a58e-5f3eda9dc0dc

(4 - Frequent passenger) - (id - f113cdf9-dd4a-4ddf-a77e-4512182d4481)
Previous: 473d1fa2-3a8c-4c12-9ccc-9a1be0253eeb
Next: dea458e2-bacf-4572-aa2a-de5c9ebc4198

(10 - Regular passenger) - (id - 3fc998d0-d3a3-45a9-87f6-83d3ace47f72)
Previous: 4b7943c7-0b11-4c0e-9471-a8ec6d659c9d
Next: 6afa00ca-6955-4b91-8fc1-10480962153d

(3 - Vip) - (id - 5296db4c-d1a7-410d-a3d8-f484f0663fd7)
Previous: 34ea0a48-fcb7-4ddf-a0dc-60f8b2ad743f
Next: 7e53cb66-0517-4436-864a-1164836bf648

(3 - Vip) - (id - 241cc3fb-d5cb-468b-981b-084ed9742764)
Previous: 91f49afd-6006-4685-a511-8e6983998c2b
Next: 92d083bc-0f48-4b7a-8e9e-df52f74c1e86

(3 - Regular passenger) - (id - 17fcdb23-34ea-4b39-ba9e-adb6708f2d8f)
Previous: 2c5638af-396f-4e78-92dc-fa04104501db
Next: c81609aa-e66d-48c7-b8c0-ce5dd38b9f7f

(5 - Vip) - (id - dea458e2-bacf-4572-aa2a-de5c9ebc4198)
Previous: f113cdf9-dd4a-4ddf-a77e-4512182d4481
Next: 6dfcc20b-4296-4f55-9a89-e9659a4e3224

(4 - Vip) - (id - 88ece5fb-4730-455b-8b57-01bd60c01fa5)
Previous: 7e97cc38-4f6c-48c1-b80b-059bdde25820
Next: e3d0f02c-f257-45cc-8e90-9ad3461566e3

(2 - Regular passenger) - (id - 32065092-50da-4166-834c-2ee6aaa845ea)
Previous: 499aa297-d4b2-4002-b5c0-0e208c758f1a
Next: e27c517c-8e3e-4937-9c81-33ba4dd0722a

(5 - Regular passenger) - (id - 6209a4da-e5d1-49c8-88d8-9256fb0426cf)
Previous: 92d083bc-0f48-4b7a-8e9e-df52f74c1e86
Next: 2138bbc2-57fd-4396-8940-6364c2dacbbb

(8 - Frequent passenger) - (id - 6cf39411-13a4-4985-941d-3db72086bec2)
Previous: b0ed2966-c012-4a73-9ef8-cdcdf4c96446
Next: 9aa77ae9-496f-4821-a047-ebe7e1037c54

(7 - Frequent passenger) - (id - 5ede115b-7506-42a5-8ee7-8f436f4712aa)
Previous: 6dfcc20b-4296-4f55-9a89-e9659a4e3224
Next: 80d4218d-4d8e-4b23-9ad9-f9f89e2a7e1c

(10 - Vip) - (id - 5e0e8bf9-4159-4ab4-9114-29470b793f43)
Previous: e8edcd5a-6030-4121-a58e-5f3eda9dc0dc
Next: 

(12 - Vip) - (id - a16a9f07-25f0-40e4-aff2-f57e0cfee447)
Previous: 6afa00ca-6955-4b91-8fc1-10480962153d
Next: 62838af2-9ecc-46b2-b930-243eb8294fdc

(3 - Regular passenger) - (id - 98d94c28-a225-49b1-926b-dcec865661bc)
Previous: fea37a68-a381-463a-a46f-b128a8d31bda
Next: 2fee6873-0064-4ed2-8ce0-f1e3e04bcc67

(4 - Regular passenger) - (id - 2600585c-4f45-4d9d-82ed-08dfcae5ee73)
Previous: 3bea6a51-55f3-4195-8032-0a60e7d38a84
Next: c50f092d-87fb-4718-84b2-e269cb87b94d

(9 - Frequent passenger) - (id - 4b7943c7-0b11-4c0e-9471-a8ec6d659c9d)
Previous: 7998ca21-001f-4e55-9940-81e4a8e63184
Next: 3fc998d0-d3a3-45a9-87f6-83d3ace47f72

(13 - Vip) - (id - f518a277-8fc1-4309-b3aa-570bf9fd4ed3)
Previous: 3b787133-8c0a-4bce-9898-56a54b38a645
Next: 25bee412-5476-4464-8e2e-83c8bf315f90

(9 - Vip) - (id - 24f8163b-c484-4ed3-9f26-6d5b3fb509c6)
Previous: a9e580ab-0131-4d73-b8db-d7ae36e42791
Next: bd146e98-cdad-4488-a1e5-a38b714aa321

(6 - Vip) - (id - bd493cf8-6879-440e-871c-ae42cf7898a1)
Previous: 65ac2d27-f23d-4da5-b582-544960bd4a70
Next: 

--------------------------------------------------BOOKING--------------------------------------------------

	User: com.fake_orgasm.users_management.models.User@1d8062d2
	User flights: 0
	Ticket Category: Vip

-------------------------FLIGHT BEFORE-------------------------


Size: 14 - (id - ade62b3b-86b6-49e0-aace-370eefb3815b) - 2023-11-18 - 242 - true
Source: (id - ) - Toledo Spokane Airport -> United Kingdom -  Scotland
Destination: (id - ) - Akron Dallas Airport -> Mexico -  JaliscoTickets: 

(2 - Vip) - (id - 34ea0a48-fcb7-4ddf-a0dc-60f8b2ad743f)
Previous: 792fa8c3-c069-480c-87e1-c3425c9977e3
Next: 5296db4c-d1a7-410d-a3d8-f484f0663fd7

(3 - Vip) - (id - 5296db4c-d1a7-410d-a3d8-f484f0663fd7)
Previous: 34ea0a48-fcb7-4ddf-a0dc-60f8b2ad743f
Next: 7e53cb66-0517-4436-864a-1164836bf648

(13 - Vip) - (id - f518a277-8fc1-4309-b3aa-570bf9fd4ed3)
Previous: 3b787133-8c0a-4bce-9898-56a54b38a645
Next: 25bee412-5476-4464-8e2e-83c8bf315f90

(4 - Frequent passenger) - (id - 7e53cb66-0517-4436-864a-1164836bf648)
Previous: 5296db4c-d1a7-410d-a3d8-f484f0663fd7
Next: d49dcba8-273e-4d06-b77e-c84c384af2c1

(5 - Frequent passenger) - (id - d49dcba8-273e-4d06-b77e-c84c384af2c1)
Previous: 7e53cb66-0517-4436-864a-1164836bf648
Next: cc63e5d3-3593-4106-934a-ab4c759bb7d7

(8 - Frequent passenger) - (id - 6cf39411-13a4-4985-941d-3db72086bec2)
Previous: b0ed2966-c012-4a73-9ef8-cdcdf4c96446
Next: 9aa77ae9-496f-4821-a047-ebe7e1037c54

(9 - Frequent passenger) - (id - 9aa77ae9-496f-4821-a047-ebe7e1037c54)
Previous: 6cf39411-13a4-4985-941d-3db72086bec2
Next: 3995bf33-f606-4b30-9c9a-a26a4a456030

(12 - Frequent passenger) - (id - 3b787133-8c0a-4bce-9898-56a54b38a645)
Previous: 23e13f7c-f23c-43fe-b421-be052750fd6e
Next: f518a277-8fc1-4309-b3aa-570bf9fd4ed3

(14 - Frequent passenger) - (id - 25bee412-5476-4464-8e2e-83c8bf315f90)
Previous: f518a277-8fc1-4309-b3aa-570bf9fd4ed3
Next: 

(1 - Regular passenger) - (id - 792fa8c3-c069-480c-87e1-c3425c9977e3)
Previous: 
Next: 34ea0a48-fcb7-4ddf-a0dc-60f8b2ad743f

(6 - Regular passenger) - (id - cc63e5d3-3593-4106-934a-ab4c759bb7d7)
Previous: d49dcba8-273e-4d06-b77e-c84c384af2c1
Next: b0ed2966-c012-4a73-9ef8-cdcdf4c96446

(7 - Regular passenger) - (id - b0ed2966-c012-4a73-9ef8-cdcdf4c96446)
Previous: cc63e5d3-3593-4106-934a-ab4c759bb7d7
Next: 6cf39411-13a4-4985-941d-3db72086bec2

(10 - Regular passenger) - (id - 3995bf33-f606-4b30-9c9a-a26a4a456030)
Previous: 9aa77ae9-496f-4821-a047-ebe7e1037c54
Next: 23e13f7c-f23c-43fe-b421-be052750fd6e

(11 - Regular passenger) - (id - 23e13f7c-f23c-43fe-b421-be052750fd6e)
Previous: 3995bf33-f606-4b30-9c9a-a26a4a456030
Next: 3b787133-8c0a-4bce-9898-56a54b38a645


-------------------------FLIGHT AFTER-------------------------


Size: 15 - (id - ade62b3b-86b6-49e0-aace-370eefb3815b) - 2023-11-18 - 242 - true
Source: (id - ) - Toledo Spokane Airport -> United Kingdom -  Scotland
Destination: (id - ) - Akron Dallas Airport -> Mexico -  JaliscoTickets: 

(2 - Vip) - (id - 34ea0a48-fcb7-4ddf-a0dc-60f8b2ad743f)
Previous: 792fa8c3-c069-480c-87e1-c3425c9977e3
Next: 5296db4c-d1a7-410d-a3d8-f484f0663fd7

(3 - Vip) - (id - 5296db4c-d1a7-410d-a3d8-f484f0663fd7)
Previous: 34ea0a48-fcb7-4ddf-a0dc-60f8b2ad743f
Next: 7e53cb66-0517-4436-864a-1164836bf648

(13 - Vip) - (id - f518a277-8fc1-4309-b3aa-570bf9fd4ed3)
Previous: 3b787133-8c0a-4bce-9898-56a54b38a645
Next: 25bee412-5476-4464-8e2e-83c8bf315f90

(15 - Vip) - (id - dcb64405-f712-4fc2-b1b5-c516207436fa)
Previous: 25bee412-5476-4464-8e2e-83c8bf315f90
Next: 

(4 - Frequent passenger) - (id - 7e53cb66-0517-4436-864a-1164836bf648)
Previous: 5296db4c-d1a7-410d-a3d8-f484f0663fd7
Next: d49dcba8-273e-4d06-b77e-c84c384af2c1

(5 - Frequent passenger) - (id - d49dcba8-273e-4d06-b77e-c84c384af2c1)
Previous: 7e53cb66-0517-4436-864a-1164836bf648
Next: cc63e5d3-3593-4106-934a-ab4c759bb7d7

(8 - Frequent passenger) - (id - 6cf39411-13a4-4985-941d-3db72086bec2)
Previous: b0ed2966-c012-4a73-9ef8-cdcdf4c96446
Next: 9aa77ae9-496f-4821-a047-ebe7e1037c54

(9 - Frequent passenger) - (id - 9aa77ae9-496f-4821-a047-ebe7e1037c54)
Previous: 6cf39411-13a4-4985-941d-3db72086bec2
Next: 3995bf33-f606-4b30-9c9a-a26a4a456030

(12 - Frequent passenger) - (id - 3b787133-8c0a-4bce-9898-56a54b38a645)
Previous: 23e13f7c-f23c-43fe-b421-be052750fd6e
Next: f518a277-8fc1-4309-b3aa-570bf9fd4ed3

(14 - Frequent passenger) - (id - 25bee412-5476-4464-8e2e-83c8bf315f90)
Previous: f518a277-8fc1-4309-b3aa-570bf9fd4ed3
Next: dcb64405-f712-4fc2-b1b5-c516207436fa

(1 - Regular passenger) - (id - 792fa8c3-c069-480c-87e1-c3425c9977e3)
Previous: 
Next: 34ea0a48-fcb7-4ddf-a0dc-60f8b2ad743f

(6 - Regular passenger) - (id - cc63e5d3-3593-4106-934a-ab4c759bb7d7)
Previous: d49dcba8-273e-4d06-b77e-c84c384af2c1
Next: b0ed2966-c012-4a73-9ef8-cdcdf4c96446

(7 - Regular passenger) - (id - b0ed2966-c012-4a73-9ef8-cdcdf4c96446)
Previous: cc63e5d3-3593-4106-934a-ab4c759bb7d7
Next: 6cf39411-13a4-4985-941d-3db72086bec2

(10 - Regular passenger) - (id - 3995bf33-f606-4b30-9c9a-a26a4a456030)
Previous: 9aa77ae9-496f-4821-a047-ebe7e1037c54
Next: 23e13f7c-f23c-43fe-b421-be052750fd6e

(11 - Regular passenger) - (id - 23e13f7c-f23c-43fe-b421-be052750fd6e)
Previous: 3995bf33-f606-4b30-9c9a-a26a4a456030
Next: 3b787133-8c0a-4bce-9898-56a54b38a645


	User: com.fake_orgasm.users_management.models.User@1d8062d2
	User flights: 1

--------------------------------------------------EDIT BOOKING--------------------------------------------------


Ticket: 
(15 - Vip) - (id - dcb64405-f712-4fc2-b1b5-c516207436fa)
Previous: 25bee412-5476-4464-8e2e-83c8bf315f90
Next: 
	New category: Regular passenger

-------------------------FLIGHT BEFORE-------------------------


Size: 15 - (id - ade62b3b-86b6-49e0-aace-370eefb3815b) - 2023-11-18 - 242 - true
Source: (id - ) - Toledo Spokane Airport -> United Kingdom -  Scotland
Destination: (id - ) - Akron Dallas Airport -> Mexico -  JaliscoTickets: 

(2 - Vip) - (id - 34ea0a48-fcb7-4ddf-a0dc-60f8b2ad743f)
Previous: 792fa8c3-c069-480c-87e1-c3425c9977e3
Next: 5296db4c-d1a7-410d-a3d8-f484f0663fd7

(3 - Vip) - (id - 5296db4c-d1a7-410d-a3d8-f484f0663fd7)
Previous: 34ea0a48-fcb7-4ddf-a0dc-60f8b2ad743f
Next: 7e53cb66-0517-4436-864a-1164836bf648

(13 - Vip) - (id - f518a277-8fc1-4309-b3aa-570bf9fd4ed3)
Previous: 3b787133-8c0a-4bce-9898-56a54b38a645
Next: 25bee412-5476-4464-8e2e-83c8bf315f90

(15 - Vip) - (id - dcb64405-f712-4fc2-b1b5-c516207436fa)
Previous: 25bee412-5476-4464-8e2e-83c8bf315f90
Next: 

(4 - Frequent passenger) - (id - 7e53cb66-0517-4436-864a-1164836bf648)
Previous: 5296db4c-d1a7-410d-a3d8-f484f0663fd7
Next: d49dcba8-273e-4d06-b77e-c84c384af2c1

(5 - Frequent passenger) - (id - d49dcba8-273e-4d06-b77e-c84c384af2c1)
Previous: 7e53cb66-0517-4436-864a-1164836bf648
Next: cc63e5d3-3593-4106-934a-ab4c759bb7d7

(8 - Frequent passenger) - (id - 6cf39411-13a4-4985-941d-3db72086bec2)
Previous: b0ed2966-c012-4a73-9ef8-cdcdf4c96446
Next: 9aa77ae9-496f-4821-a047-ebe7e1037c54

(9 - Frequent passenger) - (id - 9aa77ae9-496f-4821-a047-ebe7e1037c54)
Previous: 6cf39411-13a4-4985-941d-3db72086bec2
Next: 3995bf33-f606-4b30-9c9a-a26a4a456030

(12 - Frequent passenger) - (id - 3b787133-8c0a-4bce-9898-56a54b38a645)
Previous: 23e13f7c-f23c-43fe-b421-be052750fd6e
Next: f518a277-8fc1-4309-b3aa-570bf9fd4ed3

(14 - Frequent passenger) - (id - 25bee412-5476-4464-8e2e-83c8bf315f90)
Previous: f518a277-8fc1-4309-b3aa-570bf9fd4ed3
Next: dcb64405-f712-4fc2-b1b5-c516207436fa

(1 - Regular passenger) - (id - 792fa8c3-c069-480c-87e1-c3425c9977e3)
Previous: 
Next: 34ea0a48-fcb7-4ddf-a0dc-60f8b2ad743f

(6 - Regular passenger) - (id - cc63e5d3-3593-4106-934a-ab4c759bb7d7)
Previous: d49dcba8-273e-4d06-b77e-c84c384af2c1
Next: b0ed2966-c012-4a73-9ef8-cdcdf4c96446

(7 - Regular passenger) - (id - b0ed2966-c012-4a73-9ef8-cdcdf4c96446)
Previous: cc63e5d3-3593-4106-934a-ab4c759bb7d7
Next: 6cf39411-13a4-4985-941d-3db72086bec2

(10 - Regular passenger) - (id - 3995bf33-f606-4b30-9c9a-a26a4a456030)
Previous: 9aa77ae9-496f-4821-a047-ebe7e1037c54
Next: 23e13f7c-f23c-43fe-b421-be052750fd6e

(11 - Regular passenger) - (id - 23e13f7c-f23c-43fe-b421-be052750fd6e)
Previous: 3995bf33-f606-4b30-9c9a-a26a4a456030
Next: 3b787133-8c0a-4bce-9898-56a54b38a645


-------------------------FLIGHT AFTER-------------------------


Size: 15 - (id - ade62b3b-86b6-49e0-aace-370eefb3815b) - 2023-11-18 - 242 - true
Source: (id - ) - Toledo Spokane Airport -> United Kingdom -  Scotland
Destination: (id - ) - Akron Dallas Airport -> Mexico -  JaliscoTickets: 

(2 - Vip) - (id - 34ea0a48-fcb7-4ddf-a0dc-60f8b2ad743f)
Previous: 792fa8c3-c069-480c-87e1-c3425c9977e3
Next: 5296db4c-d1a7-410d-a3d8-f484f0663fd7

(3 - Vip) - (id - 5296db4c-d1a7-410d-a3d8-f484f0663fd7)
Previous: 34ea0a48-fcb7-4ddf-a0dc-60f8b2ad743f
Next: 7e53cb66-0517-4436-864a-1164836bf648

(13 - Vip) - (id - f518a277-8fc1-4309-b3aa-570bf9fd4ed3)
Previous: 3b787133-8c0a-4bce-9898-56a54b38a645
Next: 25bee412-5476-4464-8e2e-83c8bf315f90

(4 - Frequent passenger) - (id - 7e53cb66-0517-4436-864a-1164836bf648)
Previous: 5296db4c-d1a7-410d-a3d8-f484f0663fd7
Next: d49dcba8-273e-4d06-b77e-c84c384af2c1

(5 - Frequent passenger) - (id - d49dcba8-273e-4d06-b77e-c84c384af2c1)
Previous: 7e53cb66-0517-4436-864a-1164836bf648
Next: cc63e5d3-3593-4106-934a-ab4c759bb7d7

(8 - Frequent passenger) - (id - 6cf39411-13a4-4985-941d-3db72086bec2)
Previous: b0ed2966-c012-4a73-9ef8-cdcdf4c96446
Next: 9aa77ae9-496f-4821-a047-ebe7e1037c54

(9 - Frequent passenger) - (id - 9aa77ae9-496f-4821-a047-ebe7e1037c54)
Previous: 6cf39411-13a4-4985-941d-3db72086bec2
Next: 3995bf33-f606-4b30-9c9a-a26a4a456030

(12 - Frequent passenger) - (id - 3b787133-8c0a-4bce-9898-56a54b38a645)
Previous: 23e13f7c-f23c-43fe-b421-be052750fd6e
Next: f518a277-8fc1-4309-b3aa-570bf9fd4ed3

(14 - Frequent passenger) - (id - 25bee412-5476-4464-8e2e-83c8bf315f90)
Previous: f518a277-8fc1-4309-b3aa-570bf9fd4ed3
Next: dcb64405-f712-4fc2-b1b5-c516207436fa

(1 - Regular passenger) - (id - 792fa8c3-c069-480c-87e1-c3425c9977e3)
Previous: 
Next: 34ea0a48-fcb7-4ddf-a0dc-60f8b2ad743f

(6 - Regular passenger) - (id - cc63e5d3-3593-4106-934a-ab4c759bb7d7)
Previous: d49dcba8-273e-4d06-b77e-c84c384af2c1
Next: b0ed2966-c012-4a73-9ef8-cdcdf4c96446

(7 - Regular passenger) - (id - b0ed2966-c012-4a73-9ef8-cdcdf4c96446)
Previous: cc63e5d3-3593-4106-934a-ab4c759bb7d7
Next: 6cf39411-13a4-4985-941d-3db72086bec2

(10 - Regular passenger) - (id - 3995bf33-f606-4b30-9c9a-a26a4a456030)
Previous: 9aa77ae9-496f-4821-a047-ebe7e1037c54
Next: 23e13f7c-f23c-43fe-b421-be052750fd6e

(11 - Regular passenger) - (id - 23e13f7c-f23c-43fe-b421-be052750fd6e)
Previous: 3995bf33-f606-4b30-9c9a-a26a4a456030
Next: 3b787133-8c0a-4bce-9898-56a54b38a645

(15 - Regular passenger) - (id - dcb64405-f712-4fc2-b1b5-c516207436fa)
Previous: 25bee412-5476-4464-8e2e-83c8bf315f90
Next: 


Ticket: 
(15 - Vip) - (id - dcb64405-f712-4fc2-b1b5-c516207436fa)
Previous: 25bee412-5476-4464-8e2e-83c8bf315f90
Next: 

--------------------------------------------------CANCEL BOOKING--------------------------------------------------


-------------------------FLIGHT BEFORE-------------------------


Size: 15 - (id - ade62b3b-86b6-49e0-aace-370eefb3815b) - 2023-11-18 - 242 - true
Source: (id - ) - Toledo Spokane Airport -> United Kingdom -  Scotland
Destination: (id - ) - Akron Dallas Airport -> Mexico -  JaliscoTickets: 

(2 - Vip) - (id - 34ea0a48-fcb7-4ddf-a0dc-60f8b2ad743f)
Previous: 792fa8c3-c069-480c-87e1-c3425c9977e3
Next: 5296db4c-d1a7-410d-a3d8-f484f0663fd7

(3 - Vip) - (id - 5296db4c-d1a7-410d-a3d8-f484f0663fd7)
Previous: 34ea0a48-fcb7-4ddf-a0dc-60f8b2ad743f
Next: 7e53cb66-0517-4436-864a-1164836bf648

(13 - Vip) - (id - f518a277-8fc1-4309-b3aa-570bf9fd4ed3)
Previous: 3b787133-8c0a-4bce-9898-56a54b38a645
Next: 25bee412-5476-4464-8e2e-83c8bf315f90

(4 - Frequent passenger) - (id - 7e53cb66-0517-4436-864a-1164836bf648)
Previous: 5296db4c-d1a7-410d-a3d8-f484f0663fd7
Next: d49dcba8-273e-4d06-b77e-c84c384af2c1

(5 - Frequent passenger) - (id - d49dcba8-273e-4d06-b77e-c84c384af2c1)
Previous: 7e53cb66-0517-4436-864a-1164836bf648
Next: cc63e5d3-3593-4106-934a-ab4c759bb7d7

(8 - Frequent passenger) - (id - 6cf39411-13a4-4985-941d-3db72086bec2)
Previous: b0ed2966-c012-4a73-9ef8-cdcdf4c96446
Next: 9aa77ae9-496f-4821-a047-ebe7e1037c54

(9 - Frequent passenger) - (id - 9aa77ae9-496f-4821-a047-ebe7e1037c54)
Previous: 6cf39411-13a4-4985-941d-3db72086bec2
Next: 3995bf33-f606-4b30-9c9a-a26a4a456030

(12 - Frequent passenger) - (id - 3b787133-8c0a-4bce-9898-56a54b38a645)
Previous: 23e13f7c-f23c-43fe-b421-be052750fd6e
Next: f518a277-8fc1-4309-b3aa-570bf9fd4ed3

(14 - Frequent passenger) - (id - 25bee412-5476-4464-8e2e-83c8bf315f90)
Previous: f518a277-8fc1-4309-b3aa-570bf9fd4ed3
Next: dcb64405-f712-4fc2-b1b5-c516207436fa

(1 - Regular passenger) - (id - 792fa8c3-c069-480c-87e1-c3425c9977e3)
Previous: 
Next: 34ea0a48-fcb7-4ddf-a0dc-60f8b2ad743f

(6 - Regular passenger) - (id - cc63e5d3-3593-4106-934a-ab4c759bb7d7)
Previous: d49dcba8-273e-4d06-b77e-c84c384af2c1
Next: b0ed2966-c012-4a73-9ef8-cdcdf4c96446

(7 - Regular passenger) - (id - b0ed2966-c012-4a73-9ef8-cdcdf4c96446)
Previous: cc63e5d3-3593-4106-934a-ab4c759bb7d7
Next: 6cf39411-13a4-4985-941d-3db72086bec2

(10 - Regular passenger) - (id - 3995bf33-f606-4b30-9c9a-a26a4a456030)
Previous: 9aa77ae9-496f-4821-a047-ebe7e1037c54
Next: 23e13f7c-f23c-43fe-b421-be052750fd6e

(11 - Regular passenger) - (id - 23e13f7c-f23c-43fe-b421-be052750fd6e)
Previous: 3995bf33-f606-4b30-9c9a-a26a4a456030
Next: 3b787133-8c0a-4bce-9898-56a54b38a645

(15 - Regular passenger) - (id - dcb64405-f712-4fc2-b1b5-c516207436fa)
Previous: 25bee412-5476-4464-8e2e-83c8bf315f90
Next: 


-------------------------FLIGHT AFTER-------------------------


Size: 14 - (id - ade62b3b-86b6-49e0-aace-370eefb3815b) - 2023-11-18 - 242 - true
Source: (id - ) - Toledo Spokane Airport -> United Kingdom -  Scotland
Destination: (id - ) - Akron Dallas Airport -> Mexico -  JaliscoTickets: 

(2 - Vip) - (id - 34ea0a48-fcb7-4ddf-a0dc-60f8b2ad743f)
Previous: 792fa8c3-c069-480c-87e1-c3425c9977e3
Next: 5296db4c-d1a7-410d-a3d8-f484f0663fd7

(3 - Vip) - (id - 5296db4c-d1a7-410d-a3d8-f484f0663fd7)
Previous: 34ea0a48-fcb7-4ddf-a0dc-60f8b2ad743f
Next: 7e53cb66-0517-4436-864a-1164836bf648

(13 - Vip) - (id - f518a277-8fc1-4309-b3aa-570bf9fd4ed3)
Previous: 3b787133-8c0a-4bce-9898-56a54b38a645
Next: 25bee412-5476-4464-8e2e-83c8bf315f90

(4 - Frequent passenger) - (id - 7e53cb66-0517-4436-864a-1164836bf648)
Previous: 5296db4c-d1a7-410d-a3d8-f484f0663fd7
Next: d49dcba8-273e-4d06-b77e-c84c384af2c1

(5 - Frequent passenger) - (id - d49dcba8-273e-4d06-b77e-c84c384af2c1)
Previous: 7e53cb66-0517-4436-864a-1164836bf648
Next: cc63e5d3-3593-4106-934a-ab4c759bb7d7

(8 - Frequent passenger) - (id - 6cf39411-13a4-4985-941d-3db72086bec2)
Previous: b0ed2966-c012-4a73-9ef8-cdcdf4c96446
Next: 9aa77ae9-496f-4821-a047-ebe7e1037c54

(9 - Frequent passenger) - (id - 9aa77ae9-496f-4821-a047-ebe7e1037c54)
Previous: 6cf39411-13a4-4985-941d-3db72086bec2
Next: 3995bf33-f606-4b30-9c9a-a26a4a456030

(12 - Frequent passenger) - (id - 3b787133-8c0a-4bce-9898-56a54b38a645)
Previous: 23e13f7c-f23c-43fe-b421-be052750fd6e
Next: f518a277-8fc1-4309-b3aa-570bf9fd4ed3

(14 - Frequent passenger) - (id - 25bee412-5476-4464-8e2e-83c8bf315f90)
Previous: f518a277-8fc1-4309-b3aa-570bf9fd4ed3
Next: 

(1 - Regular passenger) - (id - 792fa8c3-c069-480c-87e1-c3425c9977e3)
Previous: 
Next: 34ea0a48-fcb7-4ddf-a0dc-60f8b2ad743f

(6 - Regular passenger) - (id - cc63e5d3-3593-4106-934a-ab4c759bb7d7)
Previous: d49dcba8-273e-4d06-b77e-c84c384af2c1
Next: b0ed2966-c012-4a73-9ef8-cdcdf4c96446

(7 - Regular passenger) - (id - b0ed2966-c012-4a73-9ef8-cdcdf4c96446)
Previous: cc63e5d3-3593-4106-934a-ab4c759bb7d7
Next: 6cf39411-13a4-4985-941d-3db72086bec2

(10 - Regular passenger) - (id - 3995bf33-f606-4b30-9c9a-a26a4a456030)
Previous: 9aa77ae9-496f-4821-a047-ebe7e1037c54
Next: 23e13f7c-f23c-43fe-b421-be052750fd6e

(11 - Regular passenger) - (id - 23e13f7c-f23c-43fe-b421-be052750fd6e)
Previous: 3995bf33-f606-4b30-9c9a-a26a4a456030
Next: 3b787133-8c0a-4bce-9898-56a54b38a645


--------------------------------------------------BOOKING--------------------------------------------------

	User: com.fake_orgasm.users_management.models.User@1d8062d2
	User flights: 0
	Ticket Category: Regular passenger

-------------------------FLIGHT BEFORE-------------------------


Size: 14 - (id - ade62b3b-86b6-49e0-aace-370eefb3815b) - 2023-11-18 - 242 - true
Source: (id - ) - Toledo Spokane Airport -> United Kingdom -  Scotland
Destination: (id - ) - Akron Dallas Airport -> Mexico -  JaliscoTickets: 

(2 - Vip) - (id - 34ea0a48-fcb7-4ddf-a0dc-60f8b2ad743f)
Previous: 792fa8c3-c069-480c-87e1-c3425c9977e3
Next: 5296db4c-d1a7-410d-a3d8-f484f0663fd7

(3 - Vip) - (id - 5296db4c-d1a7-410d-a3d8-f484f0663fd7)
Previous: 34ea0a48-fcb7-4ddf-a0dc-60f8b2ad743f
Next: 7e53cb66-0517-4436-864a-1164836bf648

(13 - Vip) - (id - f518a277-8fc1-4309-b3aa-570bf9fd4ed3)
Previous: 3b787133-8c0a-4bce-9898-56a54b38a645
Next: 25bee412-5476-4464-8e2e-83c8bf315f90

(4 - Frequent passenger) - (id - 7e53cb66-0517-4436-864a-1164836bf648)
Previous: 5296db4c-d1a7-410d-a3d8-f484f0663fd7
Next: d49dcba8-273e-4d06-b77e-c84c384af2c1

(5 - Frequent passenger) - (id - d49dcba8-273e-4d06-b77e-c84c384af2c1)
Previous: 7e53cb66-0517-4436-864a-1164836bf648
Next: cc63e5d3-3593-4106-934a-ab4c759bb7d7

(8 - Frequent passenger) - (id - 6cf39411-13a4-4985-941d-3db72086bec2)
Previous: b0ed2966-c012-4a73-9ef8-cdcdf4c96446
Next: 9aa77ae9-496f-4821-a047-ebe7e1037c54

(9 - Frequent passenger) - (id - 9aa77ae9-496f-4821-a047-ebe7e1037c54)
Previous: 6cf39411-13a4-4985-941d-3db72086bec2
Next: 3995bf33-f606-4b30-9c9a-a26a4a456030

(12 - Frequent passenger) - (id - 3b787133-8c0a-4bce-9898-56a54b38a645)
Previous: 23e13f7c-f23c-43fe-b421-be052750fd6e
Next: f518a277-8fc1-4309-b3aa-570bf9fd4ed3

(14 - Frequent passenger) - (id - 25bee412-5476-4464-8e2e-83c8bf315f90)
Previous: f518a277-8fc1-4309-b3aa-570bf9fd4ed3
Next: 

(1 - Regular passenger) - (id - 792fa8c3-c069-480c-87e1-c3425c9977e3)
Previous: 
Next: 34ea0a48-fcb7-4ddf-a0dc-60f8b2ad743f

(6 - Regular passenger) - (id - cc63e5d3-3593-4106-934a-ab4c759bb7d7)
Previous: d49dcba8-273e-4d06-b77e-c84c384af2c1
Next: b0ed2966-c012-4a73-9ef8-cdcdf4c96446

(7 - Regular passenger) - (id - b0ed2966-c012-4a73-9ef8-cdcdf4c96446)
Previous: cc63e5d3-3593-4106-934a-ab4c759bb7d7
Next: 6cf39411-13a4-4985-941d-3db72086bec2

(10 - Regular passenger) - (id - 3995bf33-f606-4b30-9c9a-a26a4a456030)
Previous: 9aa77ae9-496f-4821-a047-ebe7e1037c54
Next: 23e13f7c-f23c-43fe-b421-be052750fd6e

(11 - Regular passenger) - (id - 23e13f7c-f23c-43fe-b421-be052750fd6e)
Previous: 3995bf33-f606-4b30-9c9a-a26a4a456030
Next: 3b787133-8c0a-4bce-9898-56a54b38a645


-------------------------FLIGHT AFTER-------------------------


Size: 15 - (id - ade62b3b-86b6-49e0-aace-370eefb3815b) - 2023-11-18 - 242 - true
Source: (id - ) - Toledo Spokane Airport -> United Kingdom -  Scotland
Destination: (id - ) - Akron Dallas Airport -> Mexico -  JaliscoTickets: 

(2 - Vip) - (id - 34ea0a48-fcb7-4ddf-a0dc-60f8b2ad743f)
Previous: 792fa8c3-c069-480c-87e1-c3425c9977e3
Next: 5296db4c-d1a7-410d-a3d8-f484f0663fd7

(3 - Vip) - (id - 5296db4c-d1a7-410d-a3d8-f484f0663fd7)
Previous: 34ea0a48-fcb7-4ddf-a0dc-60f8b2ad743f
Next: 7e53cb66-0517-4436-864a-1164836bf648

(13 - Vip) - (id - f518a277-8fc1-4309-b3aa-570bf9fd4ed3)
Previous: 3b787133-8c0a-4bce-9898-56a54b38a645
Next: 25bee412-5476-4464-8e2e-83c8bf315f90

(4 - Frequent passenger) - (id - 7e53cb66-0517-4436-864a-1164836bf648)
Previous: 5296db4c-d1a7-410d-a3d8-f484f0663fd7
Next: d49dcba8-273e-4d06-b77e-c84c384af2c1

(5 - Frequent passenger) - (id - d49dcba8-273e-4d06-b77e-c84c384af2c1)
Previous: 7e53cb66-0517-4436-864a-1164836bf648
Next: cc63e5d3-3593-4106-934a-ab4c759bb7d7

(8 - Frequent passenger) - (id - 6cf39411-13a4-4985-941d-3db72086bec2)
Previous: b0ed2966-c012-4a73-9ef8-cdcdf4c96446
Next: 9aa77ae9-496f-4821-a047-ebe7e1037c54

(9 - Frequent passenger) - (id - 9aa77ae9-496f-4821-a047-ebe7e1037c54)
Previous: 6cf39411-13a4-4985-941d-3db72086bec2
Next: 3995bf33-f606-4b30-9c9a-a26a4a456030

(12 - Frequent passenger) - (id - 3b787133-8c0a-4bce-9898-56a54b38a645)
Previous: 23e13f7c-f23c-43fe-b421-be052750fd6e
Next: f518a277-8fc1-4309-b3aa-570bf9fd4ed3

(14 - Frequent passenger) - (id - 25bee412-5476-4464-8e2e-83c8bf315f90)
Previous: f518a277-8fc1-4309-b3aa-570bf9fd4ed3
Next: 260d7c6b-abf4-4a0c-aa94-c698c429ae6c

(1 - Regular passenger) - (id - 792fa8c3-c069-480c-87e1-c3425c9977e3)
Previous: 
Next: 34ea0a48-fcb7-4ddf-a0dc-60f8b2ad743f

(6 - Regular passenger) - (id - cc63e5d3-3593-4106-934a-ab4c759bb7d7)
Previous: d49dcba8-273e-4d06-b77e-c84c384af2c1
Next: b0ed2966-c012-4a73-9ef8-cdcdf4c96446

(7 - Regular passenger) - (id - b0ed2966-c012-4a73-9ef8-cdcdf4c96446)
Previous: cc63e5d3-3593-4106-934a-ab4c759bb7d7
Next: 6cf39411-13a4-4985-941d-3db72086bec2

(10 - Regular passenger) - (id - 3995bf33-f606-4b30-9c9a-a26a4a456030)
Previous: 9aa77ae9-496f-4821-a047-ebe7e1037c54
Next: 23e13f7c-f23c-43fe-b421-be052750fd6e

(11 - Regular passenger) - (id - 23e13f7c-f23c-43fe-b421-be052750fd6e)
Previous: 3995bf33-f606-4b30-9c9a-a26a4a456030
Next: 3b787133-8c0a-4bce-9898-56a54b38a645

(15 - Regular passenger) - (id - 260d7c6b-abf4-4a0c-aa94-c698c429ae6c)
Previous: 25bee412-5476-4464-8e2e-83c8bf315f90
Next: 


	User: com.fake_orgasm.users_management.models.User@1d8062d2
	User flights: 1

--------------------------------------------------EDIT BOOKING--------------------------------------------------


Ticket: 
(15 - Regular passenger) - (id - 260d7c6b-abf4-4a0c-aa94-c698c429ae6c)
Previous: 25bee412-5476-4464-8e2e-83c8bf315f90
Next: 
	New category: Vip

-------------------------FLIGHT BEFORE-------------------------


Size: 15 - (id - ade62b3b-86b6-49e0-aace-370eefb3815b) - 2023-11-18 - 242 - true
Source: (id - ) - Toledo Spokane Airport -> United Kingdom -  Scotland
Destination: (id - ) - Akron Dallas Airport -> Mexico -  JaliscoTickets: 

(2 - Vip) - (id - 34ea0a48-fcb7-4ddf-a0dc-60f8b2ad743f)
Previous: 792fa8c3-c069-480c-87e1-c3425c9977e3
Next: 5296db4c-d1a7-410d-a3d8-f484f0663fd7

(3 - Vip) - (id - 5296db4c-d1a7-410d-a3d8-f484f0663fd7)
Previous: 34ea0a48-fcb7-4ddf-a0dc-60f8b2ad743f
Next: 7e53cb66-0517-4436-864a-1164836bf648

(13 - Vip) - (id - f518a277-8fc1-4309-b3aa-570bf9fd4ed3)
Previous: 3b787133-8c0a-4bce-9898-56a54b38a645
Next: 25bee412-5476-4464-8e2e-83c8bf315f90

(4 - Frequent passenger) - (id - 7e53cb66-0517-4436-864a-1164836bf648)
Previous: 5296db4c-d1a7-410d-a3d8-f484f0663fd7
Next: d49dcba8-273e-4d06-b77e-c84c384af2c1

(5 - Frequent passenger) - (id - d49dcba8-273e-4d06-b77e-c84c384af2c1)
Previous: 7e53cb66-0517-4436-864a-1164836bf648
Next: cc63e5d3-3593-4106-934a-ab4c759bb7d7

(8 - Frequent passenger) - (id - 6cf39411-13a4-4985-941d-3db72086bec2)
Previous: b0ed2966-c012-4a73-9ef8-cdcdf4c96446
Next: 9aa77ae9-496f-4821-a047-ebe7e1037c54

(9 - Frequent passenger) - (id - 9aa77ae9-496f-4821-a047-ebe7e1037c54)
Previous: 6cf39411-13a4-4985-941d-3db72086bec2
Next: 3995bf33-f606-4b30-9c9a-a26a4a456030

(12 - Frequent passenger) - (id - 3b787133-8c0a-4bce-9898-56a54b38a645)
Previous: 23e13f7c-f23c-43fe-b421-be052750fd6e
Next: f518a277-8fc1-4309-b3aa-570bf9fd4ed3

(14 - Frequent passenger) - (id - 25bee412-5476-4464-8e2e-83c8bf315f90)
Previous: f518a277-8fc1-4309-b3aa-570bf9fd4ed3
Next: 260d7c6b-abf4-4a0c-aa94-c698c429ae6c

(1 - Regular passenger) - (id - 792fa8c3-c069-480c-87e1-c3425c9977e3)
Previous: 
Next: 34ea0a48-fcb7-4ddf-a0dc-60f8b2ad743f

(6 - Regular passenger) - (id - cc63e5d3-3593-4106-934a-ab4c759bb7d7)
Previous: d49dcba8-273e-4d06-b77e-c84c384af2c1
Next: b0ed2966-c012-4a73-9ef8-cdcdf4c96446

(7 - Regular passenger) - (id - b0ed2966-c012-4a73-9ef8-cdcdf4c96446)
Previous: cc63e5d3-3593-4106-934a-ab4c759bb7d7
Next: 6cf39411-13a4-4985-941d-3db72086bec2

(10 - Regular passenger) - (id - 3995bf33-f606-4b30-9c9a-a26a4a456030)
Previous: 9aa77ae9-496f-4821-a047-ebe7e1037c54
Next: 23e13f7c-f23c-43fe-b421-be052750fd6e

(11 - Regular passenger) - (id - 23e13f7c-f23c-43fe-b421-be052750fd6e)
Previous: 3995bf33-f606-4b30-9c9a-a26a4a456030
Next: 3b787133-8c0a-4bce-9898-56a54b38a645

(15 - Regular passenger) - (id - 260d7c6b-abf4-4a0c-aa94-c698c429ae6c)
Previous: 25bee412-5476-4464-8e2e-83c8bf315f90
Next: 


-------------------------FLIGHT AFTER-------------------------


Size: 15 - (id - ade62b3b-86b6-49e0-aace-370eefb3815b) - 2023-11-18 - 242 - true
Source: (id - ) - Toledo Spokane Airport -> United Kingdom -  Scotland
Destination: (id - ) - Akron Dallas Airport -> Mexico -  JaliscoTickets: 

(2 - Vip) - (id - 34ea0a48-fcb7-4ddf-a0dc-60f8b2ad743f)
Previous: 792fa8c3-c069-480c-87e1-c3425c9977e3
Next: 5296db4c-d1a7-410d-a3d8-f484f0663fd7

(3 - Vip) - (id - 5296db4c-d1a7-410d-a3d8-f484f0663fd7)
Previous: 34ea0a48-fcb7-4ddf-a0dc-60f8b2ad743f
Next: 7e53cb66-0517-4436-864a-1164836bf648

(13 - Vip) - (id - f518a277-8fc1-4309-b3aa-570bf9fd4ed3)
Previous: 3b787133-8c0a-4bce-9898-56a54b38a645
Next: 25bee412-5476-4464-8e2e-83c8bf315f90

(15 - Vip) - (id - 260d7c6b-abf4-4a0c-aa94-c698c429ae6c)
Previous: 25bee412-5476-4464-8e2e-83c8bf315f90
Next: 

(4 - Frequent passenger) - (id - 7e53cb66-0517-4436-864a-1164836bf648)
Previous: 5296db4c-d1a7-410d-a3d8-f484f0663fd7
Next: d49dcba8-273e-4d06-b77e-c84c384af2c1

(5 - Frequent passenger) - (id - d49dcba8-273e-4d06-b77e-c84c384af2c1)
Previous: 7e53cb66-0517-4436-864a-1164836bf648
Next: cc63e5d3-3593-4106-934a-ab4c759bb7d7

(8 - Frequent passenger) - (id - 6cf39411-13a4-4985-941d-3db72086bec2)
Previous: b0ed2966-c012-4a73-9ef8-cdcdf4c96446
Next: 9aa77ae9-496f-4821-a047-ebe7e1037c54

(9 - Frequent passenger) - (id - 9aa77ae9-496f-4821-a047-ebe7e1037c54)
Previous: 6cf39411-13a4-4985-941d-3db72086bec2
Next: 3995bf33-f606-4b30-9c9a-a26a4a456030

(12 - Frequent passenger) - (id - 3b787133-8c0a-4bce-9898-56a54b38a645)
Previous: 23e13f7c-f23c-43fe-b421-be052750fd6e
Next: f518a277-8fc1-4309-b3aa-570bf9fd4ed3

(14 - Frequent passenger) - (id - 25bee412-5476-4464-8e2e-83c8bf315f90)
Previous: f518a277-8fc1-4309-b3aa-570bf9fd4ed3
Next: 260d7c6b-abf4-4a0c-aa94-c698c429ae6c

(1 - Regular passenger) - (id - 792fa8c3-c069-480c-87e1-c3425c9977e3)
Previous: 
Next: 34ea0a48-fcb7-4ddf-a0dc-60f8b2ad743f

(6 - Regular passenger) - (id - cc63e5d3-3593-4106-934a-ab4c759bb7d7)
Previous: d49dcba8-273e-4d06-b77e-c84c384af2c1
Next: b0ed2966-c012-4a73-9ef8-cdcdf4c96446

(7 - Regular passenger) - (id - b0ed2966-c012-4a73-9ef8-cdcdf4c96446)
Previous: cc63e5d3-3593-4106-934a-ab4c759bb7d7
Next: 6cf39411-13a4-4985-941d-3db72086bec2

(10 - Regular passenger) - (id - 3995bf33-f606-4b30-9c9a-a26a4a456030)
Previous: 9aa77ae9-496f-4821-a047-ebe7e1037c54
Next: 23e13f7c-f23c-43fe-b421-be052750fd6e

(11 - Regular passenger) - (id - 23e13f7c-f23c-43fe-b421-be052750fd6e)
Previous: 3995bf33-f606-4b30-9c9a-a26a4a456030
Next: 3b787133-8c0a-4bce-9898-56a54b38a645


Ticket: 
(15 - Regular passenger) - (id - 260d7c6b-abf4-4a0c-aa94-c698c429ae6c)
Previous: 25bee412-5476-4464-8e2e-83c8bf315f90
Next: 

--------------------------------------------------CANCEL BOOKING--------------------------------------------------


-------------------------FLIGHT BEFORE-------------------------


Size: 15 - (id - ade62b3b-86b6-49e0-aace-370eefb3815b) - 2023-11-18 - 242 - true
Source: (id - ) - Toledo Spokane Airport -> United Kingdom -  Scotland
Destination: (id - ) - Akron Dallas Airport -> Mexico -  JaliscoTickets: 

(2 - Vip) - (id - 34ea0a48-fcb7-4ddf-a0dc-60f8b2ad743f)
Previous: 792fa8c3-c069-480c-87e1-c3425c9977e3
Next: 5296db4c-d1a7-410d-a3d8-f484f0663fd7

(3 - Vip) - (id - 5296db4c-d1a7-410d-a3d8-f484f0663fd7)
Previous: 34ea0a48-fcb7-4ddf-a0dc-60f8b2ad743f
Next: 7e53cb66-0517-4436-864a-1164836bf648

(13 - Vip) - (id - f518a277-8fc1-4309-b3aa-570bf9fd4ed3)
Previous: 3b787133-8c0a-4bce-9898-56a54b38a645
Next: 25bee412-5476-4464-8e2e-83c8bf315f90

(15 - Vip) - (id - 260d7c6b-abf4-4a0c-aa94-c698c429ae6c)
Previous: 25bee412-5476-4464-8e2e-83c8bf315f90
Next: 

(4 - Frequent passenger) - (id - 7e53cb66-0517-4436-864a-1164836bf648)
Previous: 5296db4c-d1a7-410d-a3d8-f484f0663fd7
Next: d49dcba8-273e-4d06-b77e-c84c384af2c1

(5 - Frequent passenger) - (id - d49dcba8-273e-4d06-b77e-c84c384af2c1)
Previous: 7e53cb66-0517-4436-864a-1164836bf648
Next: cc63e5d3-3593-4106-934a-ab4c759bb7d7

(8 - Frequent passenger) - (id - 6cf39411-13a4-4985-941d-3db72086bec2)
Previous: b0ed2966-c012-4a73-9ef8-cdcdf4c96446
Next: 9aa77ae9-496f-4821-a047-ebe7e1037c54

(9 - Frequent passenger) - (id - 9aa77ae9-496f-4821-a047-ebe7e1037c54)
Previous: 6cf39411-13a4-4985-941d-3db72086bec2
Next: 3995bf33-f606-4b30-9c9a-a26a4a456030

(12 - Frequent passenger) - (id - 3b787133-8c0a-4bce-9898-56a54b38a645)
Previous: 23e13f7c-f23c-43fe-b421-be052750fd6e
Next: f518a277-8fc1-4309-b3aa-570bf9fd4ed3

(14 - Frequent passenger) - (id - 25bee412-5476-4464-8e2e-83c8bf315f90)
Previous: f518a277-8fc1-4309-b3aa-570bf9fd4ed3
Next: 260d7c6b-abf4-4a0c-aa94-c698c429ae6c

(1 - Regular passenger) - (id - 792fa8c3-c069-480c-87e1-c3425c9977e3)
Previous: 
Next: 34ea0a48-fcb7-4ddf-a0dc-60f8b2ad743f

(6 - Regular passenger) - (id - cc63e5d3-3593-4106-934a-ab4c759bb7d7)
Previous: d49dcba8-273e-4d06-b77e-c84c384af2c1
Next: b0ed2966-c012-4a73-9ef8-cdcdf4c96446

(7 - Regular passenger) - (id - b0ed2966-c012-4a73-9ef8-cdcdf4c96446)
Previous: cc63e5d3-3593-4106-934a-ab4c759bb7d7
Next: 6cf39411-13a4-4985-941d-3db72086bec2

(10 - Regular passenger) - (id - 3995bf33-f606-4b30-9c9a-a26a4a456030)
Previous: 9aa77ae9-496f-4821-a047-ebe7e1037c54
Next: 23e13f7c-f23c-43fe-b421-be052750fd6e

(11 - Regular passenger) - (id - 23e13f7c-f23c-43fe-b421-be052750fd6e)
Previous: 3995bf33-f606-4b30-9c9a-a26a4a456030
Next: 3b787133-8c0a-4bce-9898-56a54b38a645


-------------------------FLIGHT AFTER-------------------------


Size: 14 - (id - ade62b3b-86b6-49e0-aace-370eefb3815b) - 2023-11-18 - 242 - true
Source: (id - ) - Toledo Spokane Airport -> United Kingdom -  Scotland
Destination: (id - ) - Akron Dallas Airport -> Mexico -  JaliscoTickets: 

(2 - Vip) - (id - 34ea0a48-fcb7-4ddf-a0dc-60f8b2ad743f)
Previous: 792fa8c3-c069-480c-87e1-c3425c9977e3
Next: 5296db4c-d1a7-410d-a3d8-f484f0663fd7

(3 - Vip) - (id - 5296db4c-d1a7-410d-a3d8-f484f0663fd7)
Previous: 34ea0a48-fcb7-4ddf-a0dc-60f8b2ad743f
Next: 7e53cb66-0517-4436-864a-1164836bf648

(13 - Vip) - (id - f518a277-8fc1-4309-b3aa-570bf9fd4ed3)
Previous: 3b787133-8c0a-4bce-9898-56a54b38a645
Next: 25bee412-5476-4464-8e2e-83c8bf315f90

(4 - Frequent passenger) - (id - 7e53cb66-0517-4436-864a-1164836bf648)
Previous: 5296db4c-d1a7-410d-a3d8-f484f0663fd7
Next: d49dcba8-273e-4d06-b77e-c84c384af2c1

(5 - Frequent passenger) - (id - d49dcba8-273e-4d06-b77e-c84c384af2c1)
Previous: 7e53cb66-0517-4436-864a-1164836bf648
Next: cc63e5d3-3593-4106-934a-ab4c759bb7d7

(8 - Frequent passenger) - (id - 6cf39411-13a4-4985-941d-3db72086bec2)
Previous: b0ed2966-c012-4a73-9ef8-cdcdf4c96446
Next: 9aa77ae9-496f-4821-a047-ebe7e1037c54

(9 - Frequent passenger) - (id - 9aa77ae9-496f-4821-a047-ebe7e1037c54)
Previous: 6cf39411-13a4-4985-941d-3db72086bec2
Next: 3995bf33-f606-4b30-9c9a-a26a4a456030

(12 - Frequent passenger) - (id - 3b787133-8c0a-4bce-9898-56a54b38a645)
Previous: 23e13f7c-f23c-43fe-b421-be052750fd6e
Next: f518a277-8fc1-4309-b3aa-570bf9fd4ed3

(14 - Frequent passenger) - (id - 25bee412-5476-4464-8e2e-83c8bf315f90)
Previous: f518a277-8fc1-4309-b3aa-570bf9fd4ed3
Next: 

(1 - Regular passenger) - (id - 792fa8c3-c069-480c-87e1-c3425c9977e3)
Previous: 
Next: 34ea0a48-fcb7-4ddf-a0dc-60f8b2ad743f

(6 - Regular passenger) - (id - cc63e5d3-3593-4106-934a-ab4c759bb7d7)
Previous: d49dcba8-273e-4d06-b77e-c84c384af2c1
Next: b0ed2966-c012-4a73-9ef8-cdcdf4c96446

(7 - Regular passenger) - (id - b0ed2966-c012-4a73-9ef8-cdcdf4c96446)
Previous: cc63e5d3-3593-4106-934a-ab4c759bb7d7
Next: 6cf39411-13a4-4985-941d-3db72086bec2

(10 - Regular passenger) - (id - 3995bf33-f606-4b30-9c9a-a26a4a456030)
Previous: 9aa77ae9-496f-4821-a047-ebe7e1037c54
Next: 23e13f7c-f23c-43fe-b421-be052750fd6e

(11 - Regular passenger) - (id - 23e13f7c-f23c-43fe-b421-be052750fd6e)
Previous: 3995bf33-f606-4b30-9c9a-a26a4a456030
Next: 3b787133-8c0a-4bce-9898-56a54b38a645


--------------------------------------------------BOOKING--------------------------------------------------

	User: com.fake_orgasm.users_management.models.User@1d8062d2
	User flights: 0
	Ticket Category: Frequent passenger

-------------------------FLIGHT BEFORE-------------------------


Size: 14 - (id - ade62b3b-86b6-49e0-aace-370eefb3815b) - 2023-11-18 - 242 - true
Source: (id - ) - Toledo Spokane Airport -> United Kingdom -  Scotland
Destination: (id - ) - Akron Dallas Airport -> Mexico -  JaliscoTickets: 

(2 - Vip) - (id - 34ea0a48-fcb7-4ddf-a0dc-60f8b2ad743f)
Previous: 792fa8c3-c069-480c-87e1-c3425c9977e3
Next: 5296db4c-d1a7-410d-a3d8-f484f0663fd7

(3 - Vip) - (id - 5296db4c-d1a7-410d-a3d8-f484f0663fd7)
Previous: 34ea0a48-fcb7-4ddf-a0dc-60f8b2ad743f
Next: 7e53cb66-0517-4436-864a-1164836bf648

(13 - Vip) - (id - f518a277-8fc1-4309-b3aa-570bf9fd4ed3)
Previous: 3b787133-8c0a-4bce-9898-56a54b38a645
Next: 25bee412-5476-4464-8e2e-83c8bf315f90

(4 - Frequent passenger) - (id - 7e53cb66-0517-4436-864a-1164836bf648)
Previous: 5296db4c-d1a7-410d-a3d8-f484f0663fd7
Next: d49dcba8-273e-4d06-b77e-c84c384af2c1

(5 - Frequent passenger) - (id - d49dcba8-273e-4d06-b77e-c84c384af2c1)
Previous: 7e53cb66-0517-4436-864a-1164836bf648
Next: cc63e5d3-3593-4106-934a-ab4c759bb7d7

(8 - Frequent passenger) - (id - 6cf39411-13a4-4985-941d-3db72086bec2)
Previous: b0ed2966-c012-4a73-9ef8-cdcdf4c96446
Next: 9aa77ae9-496f-4821-a047-ebe7e1037c54

(9 - Frequent passenger) - (id - 9aa77ae9-496f-4821-a047-ebe7e1037c54)
Previous: 6cf39411-13a4-4985-941d-3db72086bec2
Next: 3995bf33-f606-4b30-9c9a-a26a4a456030

(12 - Frequent passenger) - (id - 3b787133-8c0a-4bce-9898-56a54b38a645)
Previous: 23e13f7c-f23c-43fe-b421-be052750fd6e
Next: f518a277-8fc1-4309-b3aa-570bf9fd4ed3

(14 - Frequent passenger) - (id - 25bee412-5476-4464-8e2e-83c8bf315f90)
Previous: f518a277-8fc1-4309-b3aa-570bf9fd4ed3
Next: 

(1 - Regular passenger) - (id - 792fa8c3-c069-480c-87e1-c3425c9977e3)
Previous: 
Next: 34ea0a48-fcb7-4ddf-a0dc-60f8b2ad743f

(6 - Regular passenger) - (id - cc63e5d3-3593-4106-934a-ab4c759bb7d7)
Previous: d49dcba8-273e-4d06-b77e-c84c384af2c1
Next: b0ed2966-c012-4a73-9ef8-cdcdf4c96446

(7 - Regular passenger) - (id - b0ed2966-c012-4a73-9ef8-cdcdf4c96446)
Previous: cc63e5d3-3593-4106-934a-ab4c759bb7d7
Next: 6cf39411-13a4-4985-941d-3db72086bec2

(10 - Regular passenger) - (id - 3995bf33-f606-4b30-9c9a-a26a4a456030)
Previous: 9aa77ae9-496f-4821-a047-ebe7e1037c54
Next: 23e13f7c-f23c-43fe-b421-be052750fd6e

(11 - Regular passenger) - (id - 23e13f7c-f23c-43fe-b421-be052750fd6e)
Previous: 3995bf33-f606-4b30-9c9a-a26a4a456030
Next: 3b787133-8c0a-4bce-9898-56a54b38a645


-------------------------FLIGHT AFTER-------------------------


Size: 15 - (id - ade62b3b-86b6-49e0-aace-370eefb3815b) - 2023-11-18 - 242 - true
Source: (id - ) - Toledo Spokane Airport -> United Kingdom -  Scotland
Destination: (id - ) - Akron Dallas Airport -> Mexico -  JaliscoTickets: 

(2 - Vip) - (id - 34ea0a48-fcb7-4ddf-a0dc-60f8b2ad743f)
Previous: 792fa8c3-c069-480c-87e1-c3425c9977e3
Next: 5296db4c-d1a7-410d-a3d8-f484f0663fd7

(3 - Vip) - (id - 5296db4c-d1a7-410d-a3d8-f484f0663fd7)
Previous: 34ea0a48-fcb7-4ddf-a0dc-60f8b2ad743f
Next: 7e53cb66-0517-4436-864a-1164836bf648

(13 - Vip) - (id - f518a277-8fc1-4309-b3aa-570bf9fd4ed3)
Previous: 3b787133-8c0a-4bce-9898-56a54b38a645
Next: 25bee412-5476-4464-8e2e-83c8bf315f90

(4 - Frequent passenger) - (id - 7e53cb66-0517-4436-864a-1164836bf648)
Previous: 5296db4c-d1a7-410d-a3d8-f484f0663fd7
Next: d49dcba8-273e-4d06-b77e-c84c384af2c1

(5 - Frequent passenger) - (id - d49dcba8-273e-4d06-b77e-c84c384af2c1)
Previous: 7e53cb66-0517-4436-864a-1164836bf648
Next: cc63e5d3-3593-4106-934a-ab4c759bb7d7

(8 - Frequent passenger) - (id - 6cf39411-13a4-4985-941d-3db72086bec2)
Previous: b0ed2966-c012-4a73-9ef8-cdcdf4c96446
Next: 9aa77ae9-496f-4821-a047-ebe7e1037c54

(9 - Frequent passenger) - (id - 9aa77ae9-496f-4821-a047-ebe7e1037c54)
Previous: 6cf39411-13a4-4985-941d-3db72086bec2
Next: 3995bf33-f606-4b30-9c9a-a26a4a456030

(12 - Frequent passenger) - (id - 3b787133-8c0a-4bce-9898-56a54b38a645)
Previous: 23e13f7c-f23c-43fe-b421-be052750fd6e
Next: f518a277-8fc1-4309-b3aa-570bf9fd4ed3

(14 - Frequent passenger) - (id - 25bee412-5476-4464-8e2e-83c8bf315f90)
Previous: f518a277-8fc1-4309-b3aa-570bf9fd4ed3
Next: ba117595-9e23-4d48-a33f-941f4ecda065

(15 - Frequent passenger) - (id - ba117595-9e23-4d48-a33f-941f4ecda065)
Previous: 25bee412-5476-4464-8e2e-83c8bf315f90
Next: 

(1 - Regular passenger) - (id - 792fa8c3-c069-480c-87e1-c3425c9977e3)
Previous: 
Next: 34ea0a48-fcb7-4ddf-a0dc-60f8b2ad743f

(6 - Regular passenger) - (id - cc63e5d3-3593-4106-934a-ab4c759bb7d7)
Previous: d49dcba8-273e-4d06-b77e-c84c384af2c1
Next: b0ed2966-c012-4a73-9ef8-cdcdf4c96446

(7 - Regular passenger) - (id - b0ed2966-c012-4a73-9ef8-cdcdf4c96446)
Previous: cc63e5d3-3593-4106-934a-ab4c759bb7d7
Next: 6cf39411-13a4-4985-941d-3db72086bec2

(10 - Regular passenger) - (id - 3995bf33-f606-4b30-9c9a-a26a4a456030)
Previous: 9aa77ae9-496f-4821-a047-ebe7e1037c54
Next: 23e13f7c-f23c-43fe-b421-be052750fd6e

(11 - Regular passenger) - (id - 23e13f7c-f23c-43fe-b421-be052750fd6e)
Previous: 3995bf33-f606-4b30-9c9a-a26a4a456030
Next: 3b787133-8c0a-4bce-9898-56a54b38a645


	User: com.fake_orgasm.users_management.models.User@1d8062d2
	User flights: 1

--------------------------------------------------EDIT BOOKING--------------------------------------------------


Ticket: 
(15 - Frequent passenger) - (id - ba117595-9e23-4d48-a33f-941f4ecda065)
Previous: 25bee412-5476-4464-8e2e-83c8bf315f90
Next: 
	New category: Regular passenger

-------------------------FLIGHT BEFORE-------------------------


Size: 15 - (id - ade62b3b-86b6-49e0-aace-370eefb3815b) - 2023-11-18 - 242 - true
Source: (id - ) - Toledo Spokane Airport -> United Kingdom -  Scotland
Destination: (id - ) - Akron Dallas Airport -> Mexico -  JaliscoTickets: 

(2 - Vip) - (id - 34ea0a48-fcb7-4ddf-a0dc-60f8b2ad743f)
Previous: 792fa8c3-c069-480c-87e1-c3425c9977e3
Next: 5296db4c-d1a7-410d-a3d8-f484f0663fd7

(3 - Vip) - (id - 5296db4c-d1a7-410d-a3d8-f484f0663fd7)
Previous: 34ea0a48-fcb7-4ddf-a0dc-60f8b2ad743f
Next: 7e53cb66-0517-4436-864a-1164836bf648

(13 - Vip) - (id - f518a277-8fc1-4309-b3aa-570bf9fd4ed3)
Previous: 3b787133-8c0a-4bce-9898-56a54b38a645
Next: 25bee412-5476-4464-8e2e-83c8bf315f90

(4 - Frequent passenger) - (id - 7e53cb66-0517-4436-864a-1164836bf648)
Previous: 5296db4c-d1a7-410d-a3d8-f484f0663fd7
Next: d49dcba8-273e-4d06-b77e-c84c384af2c1

(5 - Frequent passenger) - (id - d49dcba8-273e-4d06-b77e-c84c384af2c1)
Previous: 7e53cb66-0517-4436-864a-1164836bf648
Next: cc63e5d3-3593-4106-934a-ab4c759bb7d7

(8 - Frequent passenger) - (id - 6cf39411-13a4-4985-941d-3db72086bec2)
Previous: b0ed2966-c012-4a73-9ef8-cdcdf4c96446
Next: 9aa77ae9-496f-4821-a047-ebe7e1037c54

(9 - Frequent passenger) - (id - 9aa77ae9-496f-4821-a047-ebe7e1037c54)
Previous: 6cf39411-13a4-4985-941d-3db72086bec2
Next: 3995bf33-f606-4b30-9c9a-a26a4a456030

(12 - Frequent passenger) - (id - 3b787133-8c0a-4bce-9898-56a54b38a645)
Previous: 23e13f7c-f23c-43fe-b421-be052750fd6e
Next: f518a277-8fc1-4309-b3aa-570bf9fd4ed3

(14 - Frequent passenger) - (id - 25bee412-5476-4464-8e2e-83c8bf315f90)
Previous: f518a277-8fc1-4309-b3aa-570bf9fd4ed3
Next: ba117595-9e23-4d48-a33f-941f4ecda065

(15 - Frequent passenger) - (id - ba117595-9e23-4d48-a33f-941f4ecda065)
Previous: 25bee412-5476-4464-8e2e-83c8bf315f90
Next: 

(1 - Regular passenger) - (id - 792fa8c3-c069-480c-87e1-c3425c9977e3)
Previous: 
Next: 34ea0a48-fcb7-4ddf-a0dc-60f8b2ad743f

(6 - Regular passenger) - (id - cc63e5d3-3593-4106-934a-ab4c759bb7d7)
Previous: d49dcba8-273e-4d06-b77e-c84c384af2c1
Next: b0ed2966-c012-4a73-9ef8-cdcdf4c96446

(7 - Regular passenger) - (id - b0ed2966-c012-4a73-9ef8-cdcdf4c96446)
Previous: cc63e5d3-3593-4106-934a-ab4c759bb7d7
Next: 6cf39411-13a4-4985-941d-3db72086bec2

(10 - Regular passenger) - (id - 3995bf33-f606-4b30-9c9a-a26a4a456030)
Previous: 9aa77ae9-496f-4821-a047-ebe7e1037c54
Next: 23e13f7c-f23c-43fe-b421-be052750fd6e

(11 - Regular passenger) - (id - 23e13f7c-f23c-43fe-b421-be052750fd6e)
Previous: 3995bf33-f606-4b30-9c9a-a26a4a456030
Next: 3b787133-8c0a-4bce-9898-56a54b38a645


-------------------------FLIGHT AFTER-------------------------


Size: 15 - (id - ade62b3b-86b6-49e0-aace-370eefb3815b) - 2023-11-18 - 242 - true
Source: (id - ) - Toledo Spokane Airport -> United Kingdom -  Scotland
Destination: (id - ) - Akron Dallas Airport -> Mexico -  JaliscoTickets: 

(2 - Vip) - (id - 34ea0a48-fcb7-4ddf-a0dc-60f8b2ad743f)
Previous: 792fa8c3-c069-480c-87e1-c3425c9977e3
Next: 5296db4c-d1a7-410d-a3d8-f484f0663fd7

(3 - Vip) - (id - 5296db4c-d1a7-410d-a3d8-f484f0663fd7)
Previous: 34ea0a48-fcb7-4ddf-a0dc-60f8b2ad743f
Next: 7e53cb66-0517-4436-864a-1164836bf648

(13 - Vip) - (id - f518a277-8fc1-4309-b3aa-570bf9fd4ed3)
Previous: 3b787133-8c0a-4bce-9898-56a54b38a645
Next: 25bee412-5476-4464-8e2e-83c8bf315f90

(4 - Frequent passenger) - (id - 7e53cb66-0517-4436-864a-1164836bf648)
Previous: 5296db4c-d1a7-410d-a3d8-f484f0663fd7
Next: d49dcba8-273e-4d06-b77e-c84c384af2c1

(5 - Frequent passenger) - (id - d49dcba8-273e-4d06-b77e-c84c384af2c1)
Previous: 7e53cb66-0517-4436-864a-1164836bf648
Next: cc63e5d3-3593-4106-934a-ab4c759bb7d7

(8 - Frequent passenger) - (id - 6cf39411-13a4-4985-941d-3db72086bec2)
Previous: b0ed2966-c012-4a73-9ef8-cdcdf4c96446
Next: 9aa77ae9-496f-4821-a047-ebe7e1037c54

(9 - Frequent passenger) - (id - 9aa77ae9-496f-4821-a047-ebe7e1037c54)
Previous: 6cf39411-13a4-4985-941d-3db72086bec2
Next: 3995bf33-f606-4b30-9c9a-a26a4a456030

(12 - Frequent passenger) - (id - 3b787133-8c0a-4bce-9898-56a54b38a645)
Previous: 23e13f7c-f23c-43fe-b421-be052750fd6e
Next: f518a277-8fc1-4309-b3aa-570bf9fd4ed3

(14 - Frequent passenger) - (id - 25bee412-5476-4464-8e2e-83c8bf315f90)
Previous: f518a277-8fc1-4309-b3aa-570bf9fd4ed3
Next: ba117595-9e23-4d48-a33f-941f4ecda065

(1 - Regular passenger) - (id - 792fa8c3-c069-480c-87e1-c3425c9977e3)
Previous: 
Next: 34ea0a48-fcb7-4ddf-a0dc-60f8b2ad743f

(6 - Regular passenger) - (id - cc63e5d3-3593-4106-934a-ab4c759bb7d7)
Previous: d49dcba8-273e-4d06-b77e-c84c384af2c1
Next: b0ed2966-c012-4a73-9ef8-cdcdf4c96446

(7 - Regular passenger) - (id - b0ed2966-c012-4a73-9ef8-cdcdf4c96446)
Previous: cc63e5d3-3593-4106-934a-ab4c759bb7d7
Next: 6cf39411-13a4-4985-941d-3db72086bec2

(10 - Regular passenger) - (id - 3995bf33-f606-4b30-9c9a-a26a4a456030)
Previous: 9aa77ae9-496f-4821-a047-ebe7e1037c54
Next: 23e13f7c-f23c-43fe-b421-be052750fd6e

(11 - Regular passenger) - (id - 23e13f7c-f23c-43fe-b421-be052750fd6e)
Previous: 3995bf33-f606-4b30-9c9a-a26a4a456030
Next: 3b787133-8c0a-4bce-9898-56a54b38a645

(15 - Regular passenger) - (id - ba117595-9e23-4d48-a33f-941f4ecda065)
Previous: 25bee412-5476-4464-8e2e-83c8bf315f90
Next: 


Ticket: 
(15 - Frequent passenger) - (id - ba117595-9e23-4d48-a33f-941f4ecda065)
Previous: 25bee412-5476-4464-8e2e-83c8bf315f90
Next: 

--------------------------------------------------CANCEL BOOKING--------------------------------------------------


-------------------------FLIGHT BEFORE-------------------------


Size: 15 - (id - ade62b3b-86b6-49e0-aace-370eefb3815b) - 2023-11-18 - 242 - true
Source: (id - ) - Toledo Spokane Airport -> United Kingdom -  Scotland
Destination: (id - ) - Akron Dallas Airport -> Mexico -  JaliscoTickets: 

(2 - Vip) - (id - 34ea0a48-fcb7-4ddf-a0dc-60f8b2ad743f)
Previous: 792fa8c3-c069-480c-87e1-c3425c9977e3
Next: 5296db4c-d1a7-410d-a3d8-f484f0663fd7

(3 - Vip) - (id - 5296db4c-d1a7-410d-a3d8-f484f0663fd7)
Previous: 34ea0a48-fcb7-4ddf-a0dc-60f8b2ad743f
Next: 7e53cb66-0517-4436-864a-1164836bf648

(13 - Vip) - (id - f518a277-8fc1-4309-b3aa-570bf9fd4ed3)
Previous: 3b787133-8c0a-4bce-9898-56a54b38a645
Next: 25bee412-5476-4464-8e2e-83c8bf315f90

(4 - Frequent passenger) - (id - 7e53cb66-0517-4436-864a-1164836bf648)
Previous: 5296db4c-d1a7-410d-a3d8-f484f0663fd7
Next: d49dcba8-273e-4d06-b77e-c84c384af2c1

(5 - Frequent passenger) - (id - d49dcba8-273e-4d06-b77e-c84c384af2c1)
Previous: 7e53cb66-0517-4436-864a-1164836bf648
Next: cc63e5d3-3593-4106-934a-ab4c759bb7d7

(8 - Frequent passenger) - (id - 6cf39411-13a4-4985-941d-3db72086bec2)
Previous: b0ed2966-c012-4a73-9ef8-cdcdf4c96446
Next: 9aa77ae9-496f-4821-a047-ebe7e1037c54

(9 - Frequent passenger) - (id - 9aa77ae9-496f-4821-a047-ebe7e1037c54)
Previous: 6cf39411-13a4-4985-941d-3db72086bec2
Next: 3995bf33-f606-4b30-9c9a-a26a4a456030

(12 - Frequent passenger) - (id - 3b787133-8c0a-4bce-9898-56a54b38a645)
Previous: 23e13f7c-f23c-43fe-b421-be052750fd6e
Next: f518a277-8fc1-4309-b3aa-570bf9fd4ed3

(14 - Frequent passenger) - (id - 25bee412-5476-4464-8e2e-83c8bf315f90)
Previous: f518a277-8fc1-4309-b3aa-570bf9fd4ed3
Next: ba117595-9e23-4d48-a33f-941f4ecda065

(1 - Regular passenger) - (id - 792fa8c3-c069-480c-87e1-c3425c9977e3)
Previous: 
Next: 34ea0a48-fcb7-4ddf-a0dc-60f8b2ad743f

(6 - Regular passenger) - (id - cc63e5d3-3593-4106-934a-ab4c759bb7d7)
Previous: d49dcba8-273e-4d06-b77e-c84c384af2c1
Next: b0ed2966-c012-4a73-9ef8-cdcdf4c96446

(7 - Regular passenger) - (id - b0ed2966-c012-4a73-9ef8-cdcdf4c96446)
Previous: cc63e5d3-3593-4106-934a-ab4c759bb7d7
Next: 6cf39411-13a4-4985-941d-3db72086bec2

(10 - Regular passenger) - (id - 3995bf33-f606-4b30-9c9a-a26a4a456030)
Previous: 9aa77ae9-496f-4821-a047-ebe7e1037c54
Next: 23e13f7c-f23c-43fe-b421-be052750fd6e

(11 - Regular passenger) - (id - 23e13f7c-f23c-43fe-b421-be052750fd6e)
Previous: 3995bf33-f606-4b30-9c9a-a26a4a456030
Next: 3b787133-8c0a-4bce-9898-56a54b38a645

(15 - Regular passenger) - (id - ba117595-9e23-4d48-a33f-941f4ecda065)
Previous: 25bee412-5476-4464-8e2e-83c8bf315f90
Next: 


-------------------------FLIGHT AFTER-------------------------


Size: 14 - (id - ade62b3b-86b6-49e0-aace-370eefb3815b) - 2023-11-18 - 242 - true
Source: (id - ) - Toledo Spokane Airport -> United Kingdom -  Scotland
Destination: (id - ) - Akron Dallas Airport -> Mexico -  JaliscoTickets: 

(2 - Vip) - (id - 34ea0a48-fcb7-4ddf-a0dc-60f8b2ad743f)
Previous: 792fa8c3-c069-480c-87e1-c3425c9977e3
Next: 5296db4c-d1a7-410d-a3d8-f484f0663fd7

(3 - Vip) - (id - 5296db4c-d1a7-410d-a3d8-f484f0663fd7)
Previous: 34ea0a48-fcb7-4ddf-a0dc-60f8b2ad743f
Next: 7e53cb66-0517-4436-864a-1164836bf648

(13 - Vip) - (id - f518a277-8fc1-4309-b3aa-570bf9fd4ed3)
Previous: 3b787133-8c0a-4bce-9898-56a54b38a645
Next: 25bee412-5476-4464-8e2e-83c8bf315f90

(4 - Frequent passenger) - (id - 7e53cb66-0517-4436-864a-1164836bf648)
Previous: 5296db4c-d1a7-410d-a3d8-f484f0663fd7
Next: d49dcba8-273e-4d06-b77e-c84c384af2c1

(5 - Frequent passenger) - (id - d49dcba8-273e-4d06-b77e-c84c384af2c1)
Previous: 7e53cb66-0517-4436-864a-1164836bf648
Next: cc63e5d3-3593-4106-934a-ab4c759bb7d7

(8 - Frequent passenger) - (id - 6cf39411-13a4-4985-941d-3db72086bec2)
Previous: b0ed2966-c012-4a73-9ef8-cdcdf4c96446
Next: 9aa77ae9-496f-4821-a047-ebe7e1037c54

(9 - Frequent passenger) - (id - 9aa77ae9-496f-4821-a047-ebe7e1037c54)
Previous: 6cf39411-13a4-4985-941d-3db72086bec2
Next: 3995bf33-f606-4b30-9c9a-a26a4a456030

(12 - Frequent passenger) - (id - 3b787133-8c0a-4bce-9898-56a54b38a645)
Previous: 23e13f7c-f23c-43fe-b421-be052750fd6e
Next: f518a277-8fc1-4309-b3aa-570bf9fd4ed3

(14 - Frequent passenger) - (id - 25bee412-5476-4464-8e2e-83c8bf315f90)
Previous: f518a277-8fc1-4309-b3aa-570bf9fd4ed3
Next: 

(1 - Regular passenger) - (id - 792fa8c3-c069-480c-87e1-c3425c9977e3)
Previous: 
Next: 34ea0a48-fcb7-4ddf-a0dc-60f8b2ad743f

(6 - Regular passenger) - (id - cc63e5d3-3593-4106-934a-ab4c759bb7d7)
Previous: d49dcba8-273e-4d06-b77e-c84c384af2c1
Next: b0ed2966-c012-4a73-9ef8-cdcdf4c96446

(7 - Regular passenger) - (id - b0ed2966-c012-4a73-9ef8-cdcdf4c96446)
Previous: cc63e5d3-3593-4106-934a-ab4c759bb7d7
Next: 6cf39411-13a4-4985-941d-3db72086bec2

(10 - Regular passenger) - (id - 3995bf33-f606-4b30-9c9a-a26a4a456030)
Previous: 9aa77ae9-496f-4821-a047-ebe7e1037c54
Next: 23e13f7c-f23c-43fe-b421-be052750fd6e

(11 - Regular passenger) - (id - 23e13f7c-f23c-43fe-b421-be052750fd6e)
Previous: 3995bf33-f606-4b30-9c9a-a26a4a456030
Next: 3b787133-8c0a-4bce-9898-56a54b38a645

]]></system-out>
  <system-err><![CDATA[]]></system-err>
</testsuite>
