<?xml version="1.0" encoding="UTF-8"?>
<testsuite name="com.fake_orgasm.generator.flight_generator.FlightGeneratorTest" tests="2" skipped="0" failures="0" errors="0" timestamp="2023-09-07T13:59:28" hostname="fundalap-nh81" time="0.142">
  <properties/>
  <testcase name="amountAirportsGenerated()" classname="com.fake_orgasm.generator.flight_generator.FlightGeneratorTest" time="0.114"/>
  <testcase name="airportsNotNullGenerated()" classname="com.fake_orgasm.generator.flight_generator.FlightGeneratorTest" time="0.027"/>
  <system-out><![CDATA[]]></system-out>
  <system-err><![CDATA[]]></system-err>
</testsuite>
